<?xml version="1.0" encoding="UTF-8"?>
<testRoot type="Test1" xmlns="http://javolution.org/xml/schema/javolution">
	<testElement>
		<testIntElement>1</testIntElement>
		<testLongElement>2</testLongElement>
	</testElement>
	<testElement>
		<testIntElement>1</testIntElement>
		<testLongElement>2</testLongElement>
	</testElement>
	<testElement>
		<testIntElement>1</testIntElement>
		<testLongElement>2</testLongElement>
	</testElement>
	<testElement>
		<testIntElement>1</testIntElement>
		<testLongElement>2</testLongElement>
	</testElement>
	<testElement>
		<testIntElement>1</testIntElement>
		<testLongElement>2</testLongElement>
	</testElement>
	<testElement>
		<testIntElement>1</testIntElement>
		<testLongElement>2</testLongElement>
	</testElement>
	<testElement>
		<testIntElement>1</testIntElement>
		<testLongElement>2</testLongElement>
	</testElement>
	<testElement>
		<testIntElement>1</testIntElement>
		<testLongElement>2</testLongElement>
	</testElement>
	<testElement>
		<testIntElement>1</testIntElement>
		<testLongElement>2</testLongElement>
	</testElement>
	<testElement>
		<testIntElement>1</testIntElement>
		<testLongElement>2</testLongElement>
	</testElement>
	<testElement>
		<testIntElement>1</testIntElement>
		<testLongElement>2</testLongElement>
	</testElement>
	<testElement>
		<testIntElement>1</testIntElement>
		<testLongElement>2</testLongElement>
	</testElement>
	<testElement>
		<testIntElement>1</testIntElement>
		<testLongElement>2</testLongElement>
	</testElement>
	<testElement>
		<testIntElement>1</testIntElement>
		<testLongElement>2</testLongElement>
	</testElement>
	<testElement>
		<testIntElement>1</testIntElement>
		<testLongElement>2</testLongElement>
	</testElement>
	<testElement>
		<testIntElement>1</testIntElement>
		<testLongElement>2</testLongElement>
	</testElement>
	<testElement>
		<testIntElement>1</testIntElement>
		<testLongElement>2</testLongElement>
	</testElement>
	<testElement>
		<testIntElement>1</testIntElement>
		<testLongElement>2</testLongElement>
	</testElement>
	<testElement>
		<testIntElement>1</testIntElement>
		<testLongElement>2</testLongElement>
	</testElement>
	<testElement>
		<testIntElement>1</testIntElement>
		<testLongElement>2</testLongElement>
	</testElement>
			<testElement>
		<testIntElement>1</testIntElement>
		<testLongElement>2</testLongElement>
	</testElement>
	<testElement>
		<testIntElement>1</testIntElement>
		<testLongElement>2</testLongElement>
	</testElement>
	<testElement>
		<testIntElement>1</testIntElement>
		<testLongElement>2</testLongElement>
	</testElement>
	<testElement>
		<testIntElement>1</testIntElement>
		<testLongElement>2</testLongElement>
	</testElement>
	<testElement>
		<testIntElement>1</testIntElement>
		<testLongElement>2</testLongElement>
	</testElement>
	<testElement>
		<testIntElement>1</testIntElement>
		<testLongElement>2</testLongElement>
	</testElement>
	<testElement>
		<testIntElement>1</testIntElement>
		<testLongElement>2</testLongElement>
	</testElement>
	<testElement>
		<testIntElement>1</testIntElement>
		<testLongElement>2</testLongElement>
	</testElement>
	<testElement>
		<testIntElement>1</testIntElement>
		<testLongElement>2</testLongElement>
	</testElement>
	<testElement>
		<testIntElement>1</testIntElement>
		<testLongElement>2</testLongElement>
	</testElement>
	<testElement>
		<testIntElement>1</testIntElement>
		<testLongElement>2</testLongElement>
	</testElement>
	<testElement>
		<testIntElement>1</testIntElement>
		<testLongElement>2</testLongElement>
	</testElement>
	<testElement>
		<testIntElement>1</testIntElement>
		<testLongElement>2</testLongElement>
	</testElement>
	<testElement>
		<testIntElement>1</testIntElement>
		<testLongElement>2</testLongElement>
	</testElement>
	<testElement>
		<testIntElement>1</testIntElement>
		<testLongElement>2</testLongElement>
	</testElement>
	<testElement>
		<testIntElement>1</testIntElement>
		<testLongElement>2</testLongElement>
	</testElement>
	<testElement>
		<testIntElement>1</testIntElement>
		<testLongElement>2</testLongElement>
	</testElement>
	<testElement>
		<testIntElement>1</testIntElement>
		<testLongElement>2</testLongElement>
	</testElement>
	<testElement>
		<testIntElement>1</testIntElement>
		<testLongElement>2</testLongElement>
	</testElement>
	<testElement>
		<testIntElement>1</testIntElement>
		<testLongElement>2</testLongElement>
	</testElement>
			<testElement>
		<testIntElement>1</testIntElement>
		<testLongElement>2</testLongElement>
	</testElement>
	<testElement>
		<testIntElement>1</testIntElement>
		<testLongElement>2</testLongElement>
	</testElement>
	<testElement>
		<testIntElement>1</testIntElement>
		<testLongElement>2</testLongElement>
	</testElement>
	<testElement>
		<testIntElement>1</testIntElement>
		<testLongElement>2</testLongElement>
	</testElement>
	<testElement>
		<testIntElement>1</testIntElement>
		<testLongElement>2</testLongElement>
	</testElement>
	<testElement>
		<testIntElement>1</testIntElement>
		<testLongElement>2</testLongElement>
	</testElement>
	<testElement>
		<testIntElement>1</testIntElement>
		<testLongElement>2</testLongElement>
	</testElement>
	<testElement>
		<testIntElement>1</testIntElement>
		<testLongElement>2</testLongElement>
	</testElement>
	<testElement>
		<testIntElement>1</testIntElement>
		<testLongElement>2</testLongElement>
	</testElement>
	<testElement>
		<testIntElement>1</testIntElement>
		<testLongElement>2</testLongElement>
	</testElement>
	<testElement>
		<testIntElement>1</testIntElement>
		<testLongElement>2</testLongElement>
	</testElement>
	<testElement>
		<testIntElement>1</testIntElement>
		<testLongElement>2</testLongElement>
	</testElement>
	<testElement>
		<testIntElement>1</testIntElement>
		<testLongElement>2</testLongElement>
	</testElement>
	<testElement>
		<testIntElement>1</testIntElement>
		<testLongElement>2</testLongElement>
	</testElement>
	<testElement>
		<testIntElement>1</testIntElement>
		<testLongElement>2</testLongElement>
	</testElement>
	<testElement>
		<testIntElement>1</testIntElement>
		<testLongElement>2</testLongElement>
	</testElement>
	<testElement>
		<testIntElement>1</testIntElement>
		<testLongElement>2</testLongElement>
	</testElement>
	<testElement>
		<testIntElement>1</testIntElement>
		<testLongElement>2</testLongElement>
	</testElement>
	<testElement>
		<testIntElement>1</testIntElement>
		<testLongElement>2</testLongElement>
	</testElement>
	<testElement>
		<testIntElement>1</testIntElement>
		<testLongElement>2</testLongElement>
	</testElement>
			<testElement>
		<testIntElement>1</testIntElement>
		<testLongElement>2</testLongElement>
	</testElement>
	<testElement>
		<testIntElement>1</testIntElement>
		<testLongElement>2</testLongElement>
	</testElement>
	<testElement>
		<testIntElement>1</testIntElement>
		<testLongElement>2</testLongElement>
	</testElement>
	<testElement>
		<testIntElement>1</testIntElement>
		<testLongElement>2</testLongElement>
	</testElement>
	<testElement>
		<testIntElement>1</testIntElement>
		<testLongElement>2</testLongElement>
	</testElement>
	<testElement>
		<testIntElement>1</testIntElement>
		<testLongElement>2</testLongElement>
	</testElement>
	<testElement>
		<testIntElement>1</testIntElement>
		<testLongElement>2</testLongElement>
	</testElement>
	<testElement>
		<testIntElement>1</testIntElement>
		<testLongElement>2</testLongElement>
	</testElement>
	<testElement>
		<testIntElement>1</testIntElement>
		<testLongElement>2</testLongElement>
	</testElement>
	<testElement>
		<testIntElement>1</testIntElement>
		<testLongElement>2</testLongElement>
	</testElement>
	<testElement>
		<testIntElement>1</testIntElement>
		<testLongElement>2</testLongElement>
	</testElement>
	<testElement>
		<testIntElement>1</testIntElement>
		<testLongElement>2</testLongElement>
	</testElement>
	<testElement>
		<testIntElement>1</testIntElement>
		<testLongElement>2</testLongElement>
	</testElement>
	<testElement>
		<testIntElement>1</testIntElement>
		<testLongElement>2</testLongElement>
	</testElement>
	<testElement>
		<testIntElement>1</testIntElement>
		<testLongElement>2</testLongElement>
	</testElement>
	<testElement>
		<testIntElement>1</testIntElement>
		<testLongElement>2</testLongElement>
	</testElement>
	<testElement>
		<testIntElement>1</testIntElement>
		<testLongElement>2</testLongElement>
	</testElement>
	<testElement>
		<testIntElement>1</testIntElement>
		<testLongElement>2</testLongElement>
	</testElement>
	<testElement>
		<testIntElement>1</testIntElement>
		<testLongElement>2</testLongElement>
	</testElement>
	<testElement>
		<testIntElement>1</testIntElement>
		<testLongElement>2</testLongElement>
	</testElement>
			<testElement>
		<testIntElement>1</testIntElement>
		<testLongElement>2</testLongElement>
	</testElement>
	<testElement>
		<testIntElement>1</testIntElement>
		<testLongElement>2</testLongElement>
	</testElement>
	<testElement>
		<testIntElement>1</testIntElement>
		<testLongElement>2</testLongElement>
	</testElement>
	<testElement>
		<testIntElement>1</testIntElement>
		<testLongElement>2</testLongElement>
	</testElement>
	<testElement>
		<testIntElement>1</testIntElement>
		<testLongElement>2</testLongElement>
	</testElement>
	<testElement>
		<testIntElement>1</testIntElement>
		<testLongElement>2</testLongElement>
	</testElement>
	<testElement>
		<testIntElement>1</testIntElement>
		<testLongElement>2</testLongElement>
	</testElement>
	<testElement>
		<testIntElement>1</testIntElement>
		<testLongElement>2</testLongElement>
	</testElement>
	<testElement>
		<testIntElement>1</testIntElement>
		<testLongElement>2</testLongElement>
	</testElement>
	<testElement>
		<testIntElement>1</testIntElement>
		<testLongElement>2</testLongElement>
	</testElement>
	<testElement>
		<testIntElement>1</testIntElement>
		<testLongElement>2</testLongElement>
	</testElement>
	<testElement>
		<testIntElement>1</testIntElement>
		<testLongElement>2</testLongElement>
	</testElement>
	<testElement>
		<testIntElement>1</testIntElement>
		<testLongElement>2</testLongElement>
	</testElement>
	<testElement>
		<testIntElement>1</testIntElement>
		<testLongElement>2</testLongElement>
	</testElement>
	<testElement>
		<testIntElement>1</testIntElement>
		<testLongElement>2</testLongElement>
	</testElement>
	<testElement>
		<testIntElement>1</testIntElement>
		<testLongElement>2</testLongElement>
	</testElement>
	<testElement>
		<testIntElement>1</testIntElement>
		<testLongElement>2</testLongElement>
	</testElement>
	<testElement>
		<testIntElement>1</testIntElement>
		<testLongElement>2</testLongElement>
	</testElement>
	<testElement>
		<testIntElement>1</testIntElement>
		<testLongElement>2</testLongElement>
	</testElement>
	<testElement>
		<testIntElement>1</testIntElement>
		<testLongElement>2</testLongElement>
	</testElement>			
	<testElement>
		<testIntElement>1</testIntElement>
		<testLongElement>2</testLongElement>
	</testElement>
	<testElement>
		<testIntElement>1</testIntElement>
		<testLongElement>2</testLongElement>
	</testElement>
	<testElement>
		<testIntElement>1</testIntElement>
		<testLongElement>2</testLongElement>
	</testElement>
	<testElement>
		<testIntElement>1</testIntElement>
		<testLongElement>2</testLongElement>
	</testElement>
	<testElement>
		<testIntElement>1</testIntElement>
		<testLongElement>2</testLongElement>
	</testElement>
	<testElement>
		<testIntElement>1</testIntElement>
		<testLongElement>2</testLongElement>
	</testElement>
	<testElement>
		<testIntElement>1</testIntElement>
		<testLongElement>2</testLongElement>
	</testElement>
	<testElement>
		<testIntElement>1</testIntElement>
		<testLongElement>2</testLongElement>
	</testElement>
	<testElement>
		<testIntElement>1</testIntElement>
		<testLongElement>2</testLongElement>
	</testElement>
	<testElement>
		<testIntElement>1</testIntElement>
		<testLongElement>2</testLongElement>
	</testElement>
	<testElement>
		<testIntElement>1</testIntElement>
		<testLongElement>2</testLongElement>
	</testElement>
	<testElement>
		<testIntElement>1</testIntElement>
		<testLongElement>2</testLongElement>
	</testElement>
	<testElement>
		<testIntElement>1</testIntElement>
		<testLongElement>2</testLongElement>
	</testElement>
	<testElement>
		<testIntElement>1</testIntElement>
		<testLongElement>2</testLongElement>
	</testElement>
	<testElement>
		<testIntElement>1</testIntElement>
		<testLongElement>2</testLongElement>
	</testElement>
	<testElement>
		<testIntElement>1</testIntElement>
		<testLongElement>2</testLongElement>
	</testElement>
	<testElement>
		<testIntElement>1</testIntElement>
		<testLongElement>2</testLongElement>
	</testElement>
	<testElement>
		<testIntElement>1</testIntElement>
		<testLongElement>2</testLongElement>
	</testElement>
	<testElement>
		<testIntElement>1</testIntElement>
		<testLongElement>2</testLongElement>
	</testElement>
	<testElement>
		<testIntElement>1</testIntElement>
		<testLongElement>2</testLongElement>
	</testElement>
			<testElement>
		<testIntElement>1</testIntElement>
		<testLongElement>2</testLongElement>
	</testElement>
	<testElement>
		<testIntElement>1</testIntElement>
		<testLongElement>2</testLongElement>
	</testElement>
	<testElement>
		<testIntElement>1</testIntElement>
		<testLongElement>2</testLongElement>
	</testElement>
	<testElement>
		<testIntElement>1</testIntElement>
		<testLongElement>2</testLongElement>
	</testElement>
	<testElement>
		<testIntElement>1</testIntElement>
		<testLongElement>2</testLongElement>
	</testElement>
	<testElement>
		<testIntElement>1</testIntElement>
		<testLongElement>2</testLongElement>
	</testElement>
	<testElement>
		<testIntElement>1</testIntElement>
		<testLongElement>2</testLongElement>
	</testElement>
	<testElement>
		<testIntElement>1</testIntElement>
		<testLongElement>2</testLongElement>
	</testElement>
	<testElement>
		<testIntElement>1</testIntElement>
		<testLongElement>2</testLongElement>
	</testElement>
	<testElement>
		<testIntElement>1</testIntElement>
		<testLongElement>2</testLongElement>
	</testElement>
	<testElement>
		<testIntElement>1</testIntElement>
		<testLongElement>2</testLongElement>
	</testElement>
	<testElement>
		<testIntElement>1</testIntElement>
		<testLongElement>2</testLongElement>
	</testElement>
	<testElement>
		<testIntElement>1</testIntElement>
		<testLongElement>2</testLongElement>
	</testElement>
	<testElement>
		<testIntElement>1</testIntElement>
		<testLongElement>2</testLongElement>
	</testElement>
	<testElement>
		<testIntElement>1</testIntElement>
		<testLongElement>2</testLongElement>
	</testElement>
	<testElement>
		<testIntElement>1</testIntElement>
		<testLongElement>2</testLongElement>
	</testElement>
	<testElement>
		<testIntElement>1</testIntElement>
		<testLongElement>2</testLongElement>
	</testElement>
	<testElement>
		<testIntElement>1</testIntElement>
		<testLongElement>2</testLongElement>
	</testElement>
	<testElement>
		<testIntElement>1</testIntElement>
		<testLongElement>2</testLongElement>
	</testElement>
	<testElement>
		<testIntElement>1</testIntElement>
		<testLongElement>2</testLongElement>
	</testElement>
			<testElement>
		<testIntElement>1</testIntElement>
		<testLongElement>2</testLongElement>
	</testElement>
	<testElement>
		<testIntElement>1</testIntElement>
		<testLongElement>2</testLongElement>
	</testElement>
	<testElement>
		<testIntElement>1</testIntElement>
		<testLongElement>2</testLongElement>
	</testElement>
	<testElement>
		<testIntElement>1</testIntElement>
		<testLongElement>2</testLongElement>
	</testElement>
	<testElement>
		<testIntElement>1</testIntElement>
		<testLongElement>2</testLongElement>
	</testElement>
	<testElement>
		<testIntElement>1</testIntElement>
		<testLongElement>2</testLongElement>
	</testElement>
	<testElement>
		<testIntElement>1</testIntElement>
		<testLongElement>2</testLongElement>
	</testElement>
	<testElement>
		<testIntElement>1</testIntElement>
		<testLongElement>2</testLongElement>
	</testElement>
	<testElement>
		<testIntElement>1</testIntElement>
		<testLongElement>2</testLongElement>
	</testElement>
	<testElement>
		<testIntElement>1</testIntElement>
		<testLongElement>2</testLongElement>
	</testElement>
	<testElement>
		<testIntElement>1</testIntElement>
		<testLongElement>2</testLongElement>
	</testElement>
	<testElement>
		<testIntElement>1</testIntElement>
		<testLongElement>2</testLongElement>
	</testElement>
	<testElement>
		<testIntElement>1</testIntElement>
		<testLongElement>2</testLongElement>
	</testElement>
	<testElement>
		<testIntElement>1</testIntElement>
		<testLongElement>2</testLongElement>
	</testElement>
	<testElement>
		<testIntElement>1</testIntElement>
		<testLongElement>2</testLongElement>
	</testElement>
	<testElement>
		<testIntElement>1</testIntElement>
		<testLongElement>2</testLongElement>
	</testElement>
	<testElement>
		<testIntElement>1</testIntElement>
		<testLongElement>2</testLongElement>
	</testElement>
	<testElement>
		<testIntElement>1</testIntElement>
		<testLongElement>2</testLongElement>
	</testElement>
	<testElement>
		<testIntElement>1</testIntElement>
		<testLongElement>2</testLongElement>
	</testElement>
	<testElement>
		<testIntElement>1</testIntElement>
		<testLongElement>2</testLongElement>
	</testElement>
			<testElement>
		<testIntElement>1</testIntElement>
		<testLongElement>2</testLongElement>
	</testElement>
	<testElement>
		<testIntElement>1</testIntElement>
		<testLongElement>2</testLongElement>
	</testElement>
	<testElement>
		<testIntElement>1</testIntElement>
		<testLongElement>2</testLongElement>
	</testElement>
	<testElement>
		<testIntElement>1</testIntElement>
		<testLongElement>2</testLongElement>
	</testElement>
	<testElement>
		<testIntElement>1</testIntElement>
		<testLongElement>2</testLongElement>
	</testElement>
	<testElement>
		<testIntElement>1</testIntElement>
		<testLongElement>2</testLongElement>
	</testElement>
	<testElement>
		<testIntElement>1</testIntElement>
		<testLongElement>2</testLongElement>
	</testElement>
	<testElement>
		<testIntElement>1</testIntElement>
		<testLongElement>2</testLongElement>
	</testElement>
	<testElement>
		<testIntElement>1</testIntElement>
		<testLongElement>2</testLongElement>
	</testElement>
	<testElement>
		<testIntElement>1</testIntElement>
		<testLongElement>2</testLongElement>
	</testElement>
	<testElement>
		<testIntElement>1</testIntElement>
		<testLongElement>2</testLongElement>
	</testElement>
	<testElement>
		<testIntElement>1</testIntElement>
		<testLongElement>2</testLongElement>
	</testElement>
	<testElement>
		<testIntElement>1</testIntElement>
		<testLongElement>2</testLongElement>
	</testElement>
	<testElement>
		<testIntElement>1</testIntElement>
		<testLongElement>2</testLongElement>
	</testElement>
	<testElement>
		<testIntElement>1</testIntElement>
		<testLongElement>2</testLongElement>
	</testElement>
	<testElement>
		<testIntElement>1</testIntElement>
		<testLongElement>2</testLongElement>
	</testElement>
	<testElement>
		<testIntElement>1</testIntElement>
		<testLongElement>2</testLongElement>
	</testElement>
	<testElement>
		<testIntElement>1</testIntElement>
		<testLongElement>2</testLongElement>
	</testElement>
	<testElement>
		<testIntElement>1</testIntElement>
		<testLongElement>2</testLongElement>
	</testElement>
	<testElement>
		<testIntElement>1</testIntElement>
		<testLongElement>2</testLongElement>
	</testElement>
			<testElement>
		<testIntElement>1</testIntElement>
		<testLongElement>2</testLongElement>
	</testElement>
	<testElement>
		<testIntElement>1</testIntElement>
		<testLongElement>2</testLongElement>
	</testElement>
	<testElement>
		<testIntElement>1</testIntElement>
		<testLongElement>2</testLongElement>
	</testElement>
	<testElement>
		<testIntElement>1</testIntElement>
		<testLongElement>2</testLongElement>
	</testElement>
	<testElement>
		<testIntElement>1</testIntElement>
		<testLongElement>2</testLongElement>
	</testElement>
	<testElement>
		<testIntElement>1</testIntElement>
		<testLongElement>2</testLongElement>
	</testElement>
	<testElement>
		<testIntElement>1</testIntElement>
		<testLongElement>2</testLongElement>
	</testElement>
	<testElement>
		<testIntElement>1</testIntElement>
		<testLongElement>2</testLongElement>
	</testElement>
	<testElement>
		<testIntElement>1</testIntElement>
		<testLongElement>2</testLongElement>
	</testElement>
	<testElement>
		<testIntElement>1</testIntElement>
		<testLongElement>2</testLongElement>
	</testElement>
	<testElement>
		<testIntElement>1</testIntElement>
		<testLongElement>2</testLongElement>
	</testElement>
	<testElement>
		<testIntElement>1</testIntElement>
		<testLongElement>2</testLongElement>
	</testElement>
	<testElement>
		<testIntElement>1</testIntElement>
		<testLongElement>2</testLongElement>
	</testElement>
	<testElement>
		<testIntElement>1</testIntElement>
		<testLongElement>2</testLongElement>
	</testElement>
	<testElement>
		<testIntElement>1</testIntElement>
		<testLongElement>2</testLongElement>
	</testElement>
	<testElement>
		<testIntElement>1</testIntElement>
		<testLongElement>2</testLongElement>
	</testElement>
	<testElement>
		<testIntElement>1</testIntElement>
		<testLongElement>2</testLongElement>
	</testElement>
	<testElement>
		<testIntElement>1</testIntElement>
		<testLongElement>2</testLongElement>
	</testElement>
	<testElement>
		<testIntElement>1</testIntElement>
		<testLongElement>2</testLongElement>
	</testElement>
	<testElement>
		<testIntElement>1</testIntElement>
		<testLongElement>2</testLongElement>
	</testElement>
	<testElement>
		<testIntElement>1</testIntElement>
		<testLongElement>2</testLongElement>
	</testElement>
	<testElement>
		<testIntElement>1</testIntElement>
		<testLongElement>2</testLongElement>
	</testElement>
	<testElement>
		<testIntElement>1</testIntElement>
		<testLongElement>2</testLongElement>
	</testElement>
	<testElement>
		<testIntElement>1</testIntElement>
		<testLongElement>2</testLongElement>
	</testElement>
	<testElement>
		<testIntElement>1</testIntElement>
		<testLongElement>2</testLongElement>
	</testElement>
	<testElement>
		<testIntElement>1</testIntElement>
		<testLongElement>2</testLongElement>
	</testElement>
	<testElement>
		<testIntElement>1</testIntElement>
		<testLongElement>2</testLongElement>
	</testElement>
	<testElement>
		<testIntElement>1</testIntElement>
		<testLongElement>2</testLongElement>
	</testElement>
	<testElement>
		<testIntElement>1</testIntElement>
		<testLongElement>2</testLongElement>
	</testElement>
	<testElement>
		<testIntElement>1</testIntElement>
		<testLongElement>2</testLongElement>
	</testElement>
	<testElement>
		<testIntElement>1</testIntElement>
		<testLongElement>2</testLongElement>
	</testElement>
	<testElement>
		<testIntElement>1</testIntElement>
		<testLongElement>2</testLongElement>
	</testElement>
	<testElement>
		<testIntElement>1</testIntElement>
		<testLongElement>2</testLongElement>
	</testElement>
	<testElement>
		<testIntElement>1</testIntElement>
		<testLongElement>2</testLongElement>
	</testElement>
	<testElement>
		<testIntElement>1</testIntElement>
		<testLongElement>2</testLongElement>
	</testElement>
	<testElement>
		<testIntElement>1</testIntElement>
		<testLongElement>2</testLongElement>
	</testElement>
	<testElement>
		<testIntElement>1</testIntElement>
		<testLongElement>2</testLongElement>
	</testElement>
	<testElement>
		<testIntElement>1</testIntElement>
		<testLongElement>2</testLongElement>
	</testElement>
	<testElement>
		<testIntElement>1</testIntElement>
		<testLongElement>2</testLongElement>
	</testElement>
	<testElement>
		<testIntElement>1</testIntElement>
		<testLongElement>2</testLongElement>
	</testElement>
			<testElement>
		<testIntElement>1</testIntElement>
		<testLongElement>2</testLongElement>
	</testElement>
	<testElement>
		<testIntElement>1</testIntElement>
		<testLongElement>2</testLongElement>
	</testElement>
	<testElement>
		<testIntElement>1</testIntElement>
		<testLongElement>2</testLongElement>
	</testElement>
	<testElement>
		<testIntElement>1</testIntElement>
		<testLongElement>2</testLongElement>
	</testElement>
	<testElement>
		<testIntElement>1</testIntElement>
		<testLongElement>2</testLongElement>
	</testElement>
	<testElement>
		<testIntElement>1</testIntElement>
		<testLongElement>2</testLongElement>
	</testElement>
	<testElement>
		<testIntElement>1</testIntElement>
		<testLongElement>2</testLongElement>
	</testElement>
	<testElement>
		<testIntElement>1</testIntElement>
		<testLongElement>2</testLongElement>
	</testElement>
	<testElement>
		<testIntElement>1</testIntElement>
		<testLongElement>2</testLongElement>
	</testElement>
	<testElement>
		<testIntElement>1</testIntElement>
		<testLongElement>2</testLongElement>
	</testElement>
	<testElement>
		<testIntElement>1</testIntElement>
		<testLongElement>2</testLongElement>
	</testElement>
	<testElement>
		<testIntElement>1</testIntElement>
		<testLongElement>2</testLongElement>
	</testElement>
	<testElement>
		<testIntElement>1</testIntElement>
		<testLongElement>2</testLongElement>
	</testElement>
	<testElement>
		<testIntElement>1</testIntElement>
		<testLongElement>2</testLongElement>
	</testElement>
	<testElement>
		<testIntElement>1</testIntElement>
		<testLongElement>2</testLongElement>
	</testElement>
	<testElement>
		<testIntElement>1</testIntElement>
		<testLongElement>2</testLongElement>
	</testElement>
	<testElement>
		<testIntElement>1</testIntElement>
		<testLongElement>2</testLongElement>
	</testElement>
	<testElement>
		<testIntElement>1</testIntElement>
		<testLongElement>2</testLongElement>
	</testElement>
	<testElement>
		<testIntElement>1</testIntElement>
		<testLongElement>2</testLongElement>
	</testElement>
	<testElement>
		<testIntElement>1</testIntElement>
		<testLongElement>2</testLongElement>
	</testElement>
			<testElement>
		<testIntElement>1</testIntElement>
		<testLongElement>2</testLongElement>
	</testElement>
	<testElement>
		<testIntElement>1</testIntElement>
		<testLongElement>2</testLongElement>
	</testElement>
	<testElement>
		<testIntElement>1</testIntElement>
		<testLongElement>2</testLongElement>
	</testElement>
	<testElement>
		<testIntElement>1</testIntElement>
		<testLongElement>2</testLongElement>
	</testElement>
	<testElement>
		<testIntElement>1</testIntElement>
		<testLongElement>2</testLongElement>
	</testElement>
	<testElement>
		<testIntElement>1</testIntElement>
		<testLongElement>2</testLongElement>
	</testElement>
	<testElement>
		<testIntElement>1</testIntElement>
		<testLongElement>2</testLongElement>
	</testElement>
	<testElement>
		<testIntElement>1</testIntElement>
		<testLongElement>2</testLongElement>
	</testElement>
	<testElement>
		<testIntElement>1</testIntElement>
		<testLongElement>2</testLongElement>
	</testElement>
	<testElement>
		<testIntElement>1</testIntElement>
		<testLongElement>2</testLongElement>
	</testElement>
	<testElement>
		<testIntElement>1</testIntElement>
		<testLongElement>2</testLongElement>
	</testElement>
	<testElement>
		<testIntElement>1</testIntElement>
		<testLongElement>2</testLongElement>
	</testElement>
	<testElement>
		<testIntElement>1</testIntElement>
		<testLongElement>2</testLongElement>
	</testElement>
	<testElement>
		<testIntElement>1</testIntElement>
		<testLongElement>2</testLongElement>
	</testElement>
	<testElement>
		<testIntElement>1</testIntElement>
		<testLongElement>2</testLongElement>
	</testElement>
	<testElement>
		<testIntElement>1</testIntElement>
		<testLongElement>2</testLongElement>
	</testElement>
	<testElement>
		<testIntElement>1</testIntElement>
		<testLongElement>2</testLongElement>
	</testElement>
	<testElement>
		<testIntElement>1</testIntElement>
		<testLongElement>2</testLongElement>
	</testElement>
	<testElement>
		<testIntElement>1</testIntElement>
		<testLongElement>2</testLongElement>
	</testElement>
	<testElement>
		<testIntElement>1</testIntElement>
		<testLongElement>2</testLongElement>
	</testElement>
			<testElement>
		<testIntElement>1</testIntElement>
		<testLongElement>2</testLongElement>
	</testElement>
	<testElement>
		<testIntElement>1</testIntElement>
		<testLongElement>2</testLongElement>
	</testElement>
	<testElement>
		<testIntElement>1</testIntElement>
		<testLongElement>2</testLongElement>
	</testElement>
	<testElement>
		<testIntElement>1</testIntElement>
		<testLongElement>2</testLongElement>
	</testElement>
	<testElement>
		<testIntElement>1</testIntElement>
		<testLongElement>2</testLongElement>
	</testElement>
	<testElement>
		<testIntElement>1</testIntElement>
		<testLongElement>2</testLongElement>
	</testElement>
	<testElement>
		<testIntElement>1</testIntElement>
		<testLongElement>2</testLongElement>
	</testElement>
	<testElement>
		<testIntElement>1</testIntElement>
		<testLongElement>2</testLongElement>
	</testElement>
	<testElement>
		<testIntElement>1</testIntElement>
		<testLongElement>2</testLongElement>
	</testElement>
	<testElement>
		<testIntElement>1</testIntElement>
		<testLongElement>2</testLongElement>
	</testElement>
	<testElement>
		<testIntElement>1</testIntElement>
		<testLongElement>2</testLongElement>
	</testElement>
	<testElement>
		<testIntElement>1</testIntElement>
		<testLongElement>2</testLongElement>
	</testElement>
	<testElement>
		<testIntElement>1</testIntElement>
		<testLongElement>2</testLongElement>
	</testElement>
	<testElement>
		<testIntElement>1</testIntElement>
		<testLongElement>2</testLongElement>
	</testElement>
	<testElement>
		<testIntElement>1</testIntElement>
		<testLongElement>2</testLongElement>
	</testElement>
	<testElement>
		<testIntElement>1</testIntElement>
		<testLongElement>2</testLongElement>
	</testElement>
	<testElement>
		<testIntElement>1</testIntElement>
		<testLongElement>2</testLongElement>
	</testElement>
	<testElement>
		<testIntElement>1</testIntElement>
		<testLongElement>2</testLongElement>
	</testElement>
	<testElement>
		<testIntElement>1</testIntElement>
		<testLongElement>2</testLongElement>
	</testElement>
	<testElement>
		<testIntElement>1</testIntElement>
		<testLongElement>2</testLongElement>
	</testElement>
			<testElement>
		<testIntElement>1</testIntElement>
		<testLongElement>2</testLongElement>
	</testElement>
	<testElement>
		<testIntElement>1</testIntElement>
		<testLongElement>2</testLongElement>
	</testElement>
	<testElement>
		<testIntElement>1</testIntElement>
		<testLongElement>2</testLongElement>
	</testElement>
	<testElement>
		<testIntElement>1</testIntElement>
		<testLongElement>2</testLongElement>
	</testElement>
	<testElement>
		<testIntElement>1</testIntElement>
		<testLongElement>2</testLongElement>
	</testElement>
	<testElement>
		<testIntElement>1</testIntElement>
		<testLongElement>2</testLongElement>
	</testElement>
	<testElement>
		<testIntElement>1</testIntElement>
		<testLongElement>2</testLongElement>
	</testElement>
	<testElement>
		<testIntElement>1</testIntElement>
		<testLongElement>2</testLongElement>
	</testElement>
	<testElement>
		<testIntElement>1</testIntElement>
		<testLongElement>2</testLongElement>
	</testElement>
	<testElement>
		<testIntElement>1</testIntElement>
		<testLongElement>2</testLongElement>
	</testElement>
	<testElement>
		<testIntElement>1</testIntElement>
		<testLongElement>2</testLongElement>
	</testElement>
	<testElement>
		<testIntElement>1</testIntElement>
		<testLongElement>2</testLongElement>
	</testElement>
	<testElement>
		<testIntElement>1</testIntElement>
		<testLongElement>2</testLongElement>
	</testElement>
	<testElement>
		<testIntElement>1</testIntElement>
		<testLongElement>2</testLongElement>
	</testElement>
	<testElement>
		<testIntElement>1</testIntElement>
		<testLongElement>2</testLongElement>
	</testElement>
	<testElement>
		<testIntElement>1</testIntElement>
		<testLongElement>2</testLongElement>
	</testElement>
	<testElement>
		<testIntElement>1</testIntElement>
		<testLongElement>2</testLongElement>
	</testElement>
	<testElement>
		<testIntElement>1</testIntElement>
		<testLongElement>2</testLongElement>
	</testElement>
	<testElement>
		<testIntElement>1</testIntElement>
		<testLongElement>2</testLongElement>
	</testElement>
	<testElement>
		<testIntElement>1</testIntElement>
		<testLongElement>2</testLongElement>
	</testElement>			
	<testElement>
		<testIntElement>1</testIntElement>
		<testLongElement>2</testLongElement>
	</testElement>
	<testElement>
		<testIntElement>1</testIntElement>
		<testLongElement>2</testLongElement>
	</testElement>
	<testElement>
		<testIntElement>1</testIntElement>
		<testLongElement>2</testLongElement>
	</testElement>
	<testElement>
		<testIntElement>1</testIntElement>
		<testLongElement>2</testLongElement>
	</testElement>
	<testElement>
		<testIntElement>1</testIntElement>
		<testLongElement>2</testLongElement>
	</testElement>
	<testElement>
		<testIntElement>1</testIntElement>
		<testLongElement>2</testLongElement>
	</testElement>
	<testElement>
		<testIntElement>1</testIntElement>
		<testLongElement>2</testLongElement>
	</testElement>
	<testElement>
		<testIntElement>1</testIntElement>
		<testLongElement>2</testLongElement>
	</testElement>
	<testElement>
		<testIntElement>1</testIntElement>
		<testLongElement>2</testLongElement>
	</testElement>
	<testElement>
		<testIntElement>1</testIntElement>
		<testLongElement>2</testLongElement>
	</testElement>
	<testElement>
		<testIntElement>1</testIntElement>
		<testLongElement>2</testLongElement>
	</testElement>
	<testElement>
		<testIntElement>1</testIntElement>
		<testLongElement>2</testLongElement>
	</testElement>
	<testElement>
		<testIntElement>1</testIntElement>
		<testLongElement>2</testLongElement>
	</testElement>
	<testElement>
		<testIntElement>1</testIntElement>
		<testLongElement>2</testLongElement>
	</testElement>
	<testElement>
		<testIntElement>1</testIntElement>
		<testLongElement>2</testLongElement>
	</testElement>
	<testElement>
		<testIntElement>1</testIntElement>
		<testLongElement>2</testLongElement>
	</testElement>
	<testElement>
		<testIntElement>1</testIntElement>
		<testLongElement>2</testLongElement>
	</testElement>
	<testElement>
		<testIntElement>1</testIntElement>
		<testLongElement>2</testLongElement>
	</testElement>
	<testElement>
		<testIntElement>1</testIntElement>
		<testLongElement>2</testLongElement>
	</testElement>
	<testElement>
		<testIntElement>1</testIntElement>
		<testLongElement>2</testLongElement>
	</testElement>
			<testElement>
		<testIntElement>1</testIntElement>
		<testLongElement>2</testLongElement>
	</testElement>
	<testElement>
		<testIntElement>1</testIntElement>
		<testLongElement>2</testLongElement>
	</testElement>
	<testElement>
		<testIntElement>1</testIntElement>
		<testLongElement>2</testLongElement>
	</testElement>
	<testElement>
		<testIntElement>1</testIntElement>
		<testLongElement>2</testLongElement>
	</testElement>
	<testElement>
		<testIntElement>1</testIntElement>
		<testLongElement>2</testLongElement>
	</testElement>
	<testElement>
		<testIntElement>1</testIntElement>
		<testLongElement>2</testLongElement>
	</testElement>
	<testElement>
		<testIntElement>1</testIntElement>
		<testLongElement>2</testLongElement>
	</testElement>
	<testElement>
		<testIntElement>1</testIntElement>
		<testLongElement>2</testLongElement>
	</testElement>
	<testElement>
		<testIntElement>1</testIntElement>
		<testLongElement>2</testLongElement>
	</testElement>
	<testElement>
		<testIntElement>1</testIntElement>
		<testLongElement>2</testLongElement>
	</testElement>
	<testElement>
		<testIntElement>1</testIntElement>
		<testLongElement>2</testLongElement>
	</testElement>
	<testElement>
		<testIntElement>1</testIntElement>
		<testLongElement>2</testLongElement>
	</testElement>
	<testElement>
		<testIntElement>1</testIntElement>
		<testLongElement>2</testLongElement>
	</testElement>
	<testElement>
		<testIntElement>1</testIntElement>
		<testLongElement>2</testLongElement>
	</testElement>
	<testElement>
		<testIntElement>1</testIntElement>
		<testLongElement>2</testLongElement>
	</testElement>
	<testElement>
		<testIntElement>1</testIntElement>
		<testLongElement>2</testLongElement>
	</testElement>
	<testElement>
		<testIntElement>1</testIntElement>
		<testLongElement>2</testLongElement>
	</testElement>
	<testElement>
		<testIntElement>1</testIntElement>
		<testLongElement>2</testLongElement>
	</testElement>
	<testElement>
		<testIntElement>1</testIntElement>
		<testLongElement>2</testLongElement>
	</testElement>
	<testElement>
		<testIntElement>1</testIntElement>
		<testLongElement>2</testLongElement>
	</testElement>
			<testElement>
		<testIntElement>1</testIntElement>
		<testLongElement>2</testLongElement>
	</testElement>
	<testElement>
		<testIntElement>1</testIntElement>
		<testLongElement>2</testLongElement>
	</testElement>
	<testElement>
		<testIntElement>1</testIntElement>
		<testLongElement>2</testLongElement>
	</testElement>
	<testElement>
		<testIntElement>1</testIntElement>
		<testLongElement>2</testLongElement>
	</testElement>
	<testElement>
		<testIntElement>1</testIntElement>
		<testLongElement>2</testLongElement>
	</testElement>
	<testElement>
		<testIntElement>1</testIntElement>
		<testLongElement>2</testLongElement>
	</testElement>
	<testElement>
		<testIntElement>1</testIntElement>
		<testLongElement>2</testLongElement>
	</testElement>
	<testElement>
		<testIntElement>1</testIntElement>
		<testLongElement>2</testLongElement>
	</testElement>
	<testElement>
		<testIntElement>1</testIntElement>
		<testLongElement>2</testLongElement>
	</testElement>
	<testElement>
		<testIntElement>1</testIntElement>
		<testLongElement>2</testLongElement>
	</testElement>
	<testElement>
		<testIntElement>1</testIntElement>
		<testLongElement>2</testLongElement>
	</testElement>
	<testElement>
		<testIntElement>1</testIntElement>
		<testLongElement>2</testLongElement>
	</testElement>
	<testElement>
		<testIntElement>1</testIntElement>
		<testLongElement>2</testLongElement>
	</testElement>
	<testElement>
		<testIntElement>1</testIntElement>
		<testLongElement>2</testLongElement>
	</testElement>
	<testElement>
		<testIntElement>1</testIntElement>
		<testLongElement>2</testLongElement>
	</testElement>
	<testElement>
		<testIntElement>1</testIntElement>
		<testLongElement>2</testLongElement>
	</testElement>
	<testElement>
		<testIntElement>1</testIntElement>
		<testLongElement>2</testLongElement>
	</testElement>
	<testElement>
		<testIntElement>1</testIntElement>
		<testLongElement>2</testLongElement>
	</testElement>
	<testElement>
		<testIntElement>1</testIntElement>
		<testLongElement>2</testLongElement>
	</testElement>
	<testElement>
		<testIntElement>1</testIntElement>
		<testLongElement>2</testLongElement>
	</testElement>
			<testElement>
		<testIntElement>1</testIntElement>
		<testLongElement>2</testLongElement>
	</testElement>
	<testElement>
		<testIntElement>1</testIntElement>
		<testLongElement>2</testLongElement>
	</testElement>
	<testElement>
		<testIntElement>1</testIntElement>
		<testLongElement>2</testLongElement>
	</testElement>
	<testElement>
		<testIntElement>1</testIntElement>
		<testLongElement>2</testLongElement>
	</testElement>
	<testElement>
		<testIntElement>1</testIntElement>
		<testLongElement>2</testLongElement>
	</testElement>
	<testElement>
		<testIntElement>1</testIntElement>
		<testLongElement>2</testLongElement>
	</testElement>
	<testElement>
		<testIntElement>1</testIntElement>
		<testLongElement>2</testLongElement>
	</testElement>
	<testElement>
		<testIntElement>1</testIntElement>
		<testLongElement>2</testLongElement>
	</testElement>
	<testElement>
		<testIntElement>1</testIntElement>
		<testLongElement>2</testLongElement>
	</testElement>
	<testElement>
		<testIntElement>1</testIntElement>
		<testLongElement>2</testLongElement>
	</testElement>
	<testElement>
		<testIntElement>1</testIntElement>
		<testLongElement>2</testLongElement>
	</testElement>
	<testElement>
		<testIntElement>1</testIntElement>
		<testLongElement>2</testLongElement>
	</testElement>
	<testElement>
		<testIntElement>1</testIntElement>
		<testLongElement>2</testLongElement>
	</testElement>
	<testElement>
		<testIntElement>1</testIntElement>
		<testLongElement>2</testLongElement>
	</testElement>
	<testElement>
		<testIntElement>1</testIntElement>
		<testLongElement>2</testLongElement>
	</testElement>
	<testElement>
		<testIntElement>1</testIntElement>
		<testLongElement>2</testLongElement>
	</testElement>
	<testElement>
		<testIntElement>1</testIntElement>
		<testLongElement>2</testLongElement>
	</testElement>
	<testElement>
		<testIntElement>1</testIntElement>
		<testLongElement>2</testLongElement>
	</testElement>
	<testElement>
		<testIntElement>1</testIntElement>
		<testLongElement>2</testLongElement>
	</testElement>
	<testElement>
		<testIntElement>1</testIntElement>
		<testLongElement>2</testLongElement>
	</testElement>
			<testElement>
		<testIntElement>1</testIntElement>
		<testLongElement>2</testLongElement>
	</testElement>
	<testElement>
		<testIntElement>1</testIntElement>
		<testLongElement>2</testLongElement>
	</testElement>
	<testElement>
		<testIntElement>1</testIntElement>
		<testLongElement>2</testLongElement>
	</testElement>
	<testElement>
		<testIntElement>1</testIntElement>
		<testLongElement>2</testLongElement>
	</testElement>
	<testElement>
		<testIntElement>1</testIntElement>
		<testLongElement>2</testLongElement>
	</testElement>
	<testElement>
		<testIntElement>1</testIntElement>
		<testLongElement>2</testLongElement>
	</testElement>
	<testElement>
		<testIntElement>1</testIntElement>
		<testLongElement>2</testLongElement>
	</testElement>
	<testElement>
		<testIntElement>1</testIntElement>
		<testLongElement>2</testLongElement>
	</testElement>
	<testElement>
		<testIntElement>1</testIntElement>
		<testLongElement>2</testLongElement>
	</testElement>
	<testElement>
		<testIntElement>1</testIntElement>
		<testLongElement>2</testLongElement>
	</testElement>
	<testElement>
		<testIntElement>1</testIntElement>
		<testLongElement>2</testLongElement>
	</testElement>
	<testElement>
		<testIntElement>1</testIntElement>
		<testLongElement>2</testLongElement>
	</testElement>
	<testElement>
		<testIntElement>1</testIntElement>
		<testLongElement>2</testLongElement>
	</testElement>
	<testElement>
		<testIntElement>1</testIntElement>
		<testLongElement>2</testLongElement>
	</testElement>
	<testElement>
		<testIntElement>1</testIntElement>
		<testLongElement>2</testLongElement>
	</testElement>
	<testElement>
		<testIntElement>1</testIntElement>
		<testLongElement>2</testLongElement>
	</testElement>
	<testElement>
		<testIntElement>1</testIntElement>
		<testLongElement>2</testLongElement>
	</testElement>
	<testElement>
		<testIntElement>1</testIntElement>
		<testLongElement>2</testLongElement>
	</testElement>
	<testElement>
		<testIntElement>1</testIntElement>
		<testLongElement>2</testLongElement>
	</testElement>
	<testElement>
		<testIntElement>1</testIntElement>
		<testLongElement>2</testLongElement>
	</testElement>
	<testElement>
		<testIntElement>1</testIntElement>
		<testLongElement>2</testLongElement>
	</testElement>
	<testElement>
		<testIntElement>1</testIntElement>
		<testLongElement>2</testLongElement>
	</testElement>
	<testElement>
		<testIntElement>1</testIntElement>
		<testLongElement>2</testLongElement>
	</testElement>
	<testElement>
		<testIntElement>1</testIntElement>
		<testLongElement>2</testLongElement>
	</testElement>
	<testElement>
		<testIntElement>1</testIntElement>
		<testLongElement>2</testLongElement>
	</testElement>
	<testElement>
		<testIntElement>1</testIntElement>
		<testLongElement>2</testLongElement>
	</testElement>
	<testElement>
		<testIntElement>1</testIntElement>
		<testLongElement>2</testLongElement>
	</testElement>
	<testElement>
		<testIntElement>1</testIntElement>
		<testLongElement>2</testLongElement>
	</testElement>
	<testElement>
		<testIntElement>1</testIntElement>
		<testLongElement>2</testLongElement>
	</testElement>
	<testElement>
		<testIntElement>1</testIntElement>
		<testLongElement>2</testLongElement>
	</testElement>
	<testElement>
		<testIntElement>1</testIntElement>
		<testLongElement>2</testLongElement>
	</testElement>
	<testElement>
		<testIntElement>1</testIntElement>
		<testLongElement>2</testLongElement>
	</testElement>
	<testElement>
		<testIntElement>1</testIntElement>
		<testLongElement>2</testLongElement>
	</testElement>
	<testElement>
		<testIntElement>1</testIntElement>
		<testLongElement>2</testLongElement>
	</testElement>
	<testElement>
		<testIntElement>1</testIntElement>
		<testLongElement>2</testLongElement>
	</testElement>
	<testElement>
		<testIntElement>1</testIntElement>
		<testLongElement>2</testLongElement>
	</testElement>
	<testElement>
		<testIntElement>1</testIntElement>
		<testLongElement>2</testLongElement>
	</testElement>
	<testElement>
		<testIntElement>1</testIntElement>
		<testLongElement>2</testLongElement>
	</testElement>
	<testElement>
		<testIntElement>1</testIntElement>
		<testLongElement>2</testLongElement>
	</testElement>
	<testElement>
		<testIntElement>1</testIntElement>
		<testLongElement>2</testLongElement>
	</testElement>
			<testElement>
		<testIntElement>1</testIntElement>
		<testLongElement>2</testLongElement>
	</testElement>
	<testElement>
		<testIntElement>1</testIntElement>
		<testLongElement>2</testLongElement>
	</testElement>
	<testElement>
		<testIntElement>1</testIntElement>
		<testLongElement>2</testLongElement>
	</testElement>
	<testElement>
		<testIntElement>1</testIntElement>
		<testLongElement>2</testLongElement>
	</testElement>
	<testElement>
		<testIntElement>1</testIntElement>
		<testLongElement>2</testLongElement>
	</testElement>
	<testElement>
		<testIntElement>1</testIntElement>
		<testLongElement>2</testLongElement>
	</testElement>
	<testElement>
		<testIntElement>1</testIntElement>
		<testLongElement>2</testLongElement>
	</testElement>
	<testElement>
		<testIntElement>1</testIntElement>
		<testLongElement>2</testLongElement>
	</testElement>
	<testElement>
		<testIntElement>1</testIntElement>
		<testLongElement>2</testLongElement>
	</testElement>
	<testElement>
		<testIntElement>1</testIntElement>
		<testLongElement>2</testLongElement>
	</testElement>
	<testElement>
		<testIntElement>1</testIntElement>
		<testLongElement>2</testLongElement>
	</testElement>
	<testElement>
		<testIntElement>1</testIntElement>
		<testLongElement>2</testLongElement>
	</testElement>
	<testElement>
		<testIntElement>1</testIntElement>
		<testLongElement>2</testLongElement>
	</testElement>
	<testElement>
		<testIntElement>1</testIntElement>
		<testLongElement>2</testLongElement>
	</testElement>
	<testElement>
		<testIntElement>1</testIntElement>
		<testLongElement>2</testLongElement>
	</testElement>
	<testElement>
		<testIntElement>1</testIntElement>
		<testLongElement>2</testLongElement>
	</testElement>
	<testElement>
		<testIntElement>1</testIntElement>
		<testLongElement>2</testLongElement>
	</testElement>
	<testElement>
		<testIntElement>1</testIntElement>
		<testLongElement>2</testLongElement>
	</testElement>
	<testElement>
		<testIntElement>1</testIntElement>
		<testLongElement>2</testLongElement>
	</testElement>
	<testElement>
		<testIntElement>1</testIntElement>
		<testLongElement>2</testLongElement>
	</testElement>
			<testElement>
		<testIntElement>1</testIntElement>
		<testLongElement>2</testLongElement>
	</testElement>
	<testElement>
		<testIntElement>1</testIntElement>
		<testLongElement>2</testLongElement>
	</testElement>
	<testElement>
		<testIntElement>1</testIntElement>
		<testLongElement>2</testLongElement>
	</testElement>
	<testElement>
		<testIntElement>1</testIntElement>
		<testLongElement>2</testLongElement>
	</testElement>
	<testElement>
		<testIntElement>1</testIntElement>
		<testLongElement>2</testLongElement>
	</testElement>
	<testElement>
		<testIntElement>1</testIntElement>
		<testLongElement>2</testLongElement>
	</testElement>
	<testElement>
		<testIntElement>1</testIntElement>
		<testLongElement>2</testLongElement>
	</testElement>
	<testElement>
		<testIntElement>1</testIntElement>
		<testLongElement>2</testLongElement>
	</testElement>
	<testElement>
		<testIntElement>1</testIntElement>
		<testLongElement>2</testLongElement>
	</testElement>
	<testElement>
		<testIntElement>1</testIntElement>
		<testLongElement>2</testLongElement>
	</testElement>
	<testElement>
		<testIntElement>1</testIntElement>
		<testLongElement>2</testLongElement>
	</testElement>
	<testElement>
		<testIntElement>1</testIntElement>
		<testLongElement>2</testLongElement>
	</testElement>
	<testElement>
		<testIntElement>1</testIntElement>
		<testLongElement>2</testLongElement>
	</testElement>
	<testElement>
		<testIntElement>1</testIntElement>
		<testLongElement>2</testLongElement>
	</testElement>
	<testElement>
		<testIntElement>1</testIntElement>
		<testLongElement>2</testLongElement>
	</testElement>
	<testElement>
		<testIntElement>1</testIntElement>
		<testLongElement>2</testLongElement>
	</testElement>
	<testElement>
		<testIntElement>1</testIntElement>
		<testLongElement>2</testLongElement>
	</testElement>
	<testElement>
		<testIntElement>1</testIntElement>
		<testLongElement>2</testLongElement>
	</testElement>
	<testElement>
		<testIntElement>1</testIntElement>
		<testLongElement>2</testLongElement>
	</testElement>
	<testElement>
		<testIntElement>1</testIntElement>
		<testLongElement>2</testLongElement>
	</testElement>
			<testElement>
		<testIntElement>1</testIntElement>
		<testLongElement>2</testLongElement>
	</testElement>
	<testElement>
		<testIntElement>1</testIntElement>
		<testLongElement>2</testLongElement>
	</testElement>
	<testElement>
		<testIntElement>1</testIntElement>
		<testLongElement>2</testLongElement>
	</testElement>
	<testElement>
		<testIntElement>1</testIntElement>
		<testLongElement>2</testLongElement>
	</testElement>
	<testElement>
		<testIntElement>1</testIntElement>
		<testLongElement>2</testLongElement>
	</testElement>
	<testElement>
		<testIntElement>1</testIntElement>
		<testLongElement>2</testLongElement>
	</testElement>
	<testElement>
		<testIntElement>1</testIntElement>
		<testLongElement>2</testLongElement>
	</testElement>
	<testElement>
		<testIntElement>1</testIntElement>
		<testLongElement>2</testLongElement>
	</testElement>
	<testElement>
		<testIntElement>1</testIntElement>
		<testLongElement>2</testLongElement>
	</testElement>
	<testElement>
		<testIntElement>1</testIntElement>
		<testLongElement>2</testLongElement>
	</testElement>
	<testElement>
		<testIntElement>1</testIntElement>
		<testLongElement>2</testLongElement>
	</testElement>
	<testElement>
		<testIntElement>1</testIntElement>
		<testLongElement>2</testLongElement>
	</testElement>
	<testElement>
		<testIntElement>1</testIntElement>
		<testLongElement>2</testLongElement>
	</testElement>
	<testElement>
		<testIntElement>1</testIntElement>
		<testLongElement>2</testLongElement>
	</testElement>
	<testElement>
		<testIntElement>1</testIntElement>
		<testLongElement>2</testLongElement>
	</testElement>
	<testElement>
		<testIntElement>1</testIntElement>
		<testLongElement>2</testLongElement>
	</testElement>
	<testElement>
		<testIntElement>1</testIntElement>
		<testLongElement>2</testLongElement>
	</testElement>
	<testElement>
		<testIntElement>1</testIntElement>
		<testLongElement>2</testLongElement>
	</testElement>
	<testElement>
		<testIntElement>1</testIntElement>
		<testLongElement>2</testLongElement>
	</testElement>
	<testElement>
		<testIntElement>1</testIntElement>
		<testLongElement>2</testLongElement>
	</testElement>
			<testElement>
		<testIntElement>1</testIntElement>
		<testLongElement>2</testLongElement>
	</testElement>
	<testElement>
		<testIntElement>1</testIntElement>
		<testLongElement>2</testLongElement>
	</testElement>
	<testElement>
		<testIntElement>1</testIntElement>
		<testLongElement>2</testLongElement>
	</testElement>
	<testElement>
		<testIntElement>1</testIntElement>
		<testLongElement>2</testLongElement>
	</testElement>
	<testElement>
		<testIntElement>1</testIntElement>
		<testLongElement>2</testLongElement>
	</testElement>
	<testElement>
		<testIntElement>1</testIntElement>
		<testLongElement>2</testLongElement>
	</testElement>
	<testElement>
		<testIntElement>1</testIntElement>
		<testLongElement>2</testLongElement>
	</testElement>
	<testElement>
		<testIntElement>1</testIntElement>
		<testLongElement>2</testLongElement>
	</testElement>
	<testElement>
		<testIntElement>1</testIntElement>
		<testLongElement>2</testLongElement>
	</testElement>
	<testElement>
		<testIntElement>1</testIntElement>
		<testLongElement>2</testLongElement>
	</testElement>
	<testElement>
		<testIntElement>1</testIntElement>
		<testLongElement>2</testLongElement>
	</testElement>
	<testElement>
		<testIntElement>1</testIntElement>
		<testLongElement>2</testLongElement>
	</testElement>
	<testElement>
		<testIntElement>1</testIntElement>
		<testLongElement>2</testLongElement>
	</testElement>
	<testElement>
		<testIntElement>1</testIntElement>
		<testLongElement>2</testLongElement>
	</testElement>
	<testElement>
		<testIntElement>1</testIntElement>
		<testLongElement>2</testLongElement>
	</testElement>
	<testElement>
		<testIntElement>1</testIntElement>
		<testLongElement>2</testLongElement>
	</testElement>
	<testElement>
		<testIntElement>1</testIntElement>
		<testLongElement>2</testLongElement>
	</testElement>
	<testElement>
		<testIntElement>1</testIntElement>
		<testLongElement>2</testLongElement>
	</testElement>
	<testElement>
		<testIntElement>1</testIntElement>
		<testLongElement>2</testLongElement>
	</testElement>
	<testElement>
		<testIntElement>1</testIntElement>
		<testLongElement>2</testLongElement>
	</testElement>
	<testElement>
		<testIntElement>1</testIntElement>
		<testLongElement>2</testLongElement>
	</testElement>
	<testElement>
		<testIntElement>1</testIntElement>
		<testLongElement>2</testLongElement>
	</testElement>
	<testElement>
		<testIntElement>1</testIntElement>
		<testLongElement>2</testLongElement>
	</testElement>
	<testElement>
		<testIntElement>1</testIntElement>
		<testLongElement>2</testLongElement>
	</testElement>
	<testElement>
		<testIntElement>1</testIntElement>
		<testLongElement>2</testLongElement>
	</testElement>
	<testElement>
		<testIntElement>1</testIntElement>
		<testLongElement>2</testLongElement>
	</testElement>
	<testElement>
		<testIntElement>1</testIntElement>
		<testLongElement>2</testLongElement>
	</testElement>
	<testElement>
		<testIntElement>1</testIntElement>
		<testLongElement>2</testLongElement>
	</testElement>
	<testElement>
		<testIntElement>1</testIntElement>
		<testLongElement>2</testLongElement>
	</testElement>
	<testElement>
		<testIntElement>1</testIntElement>
		<testLongElement>2</testLongElement>
	</testElement>
	<testElement>
		<testIntElement>1</testIntElement>
		<testLongElement>2</testLongElement>
	</testElement>
	<testElement>
		<testIntElement>1</testIntElement>
		<testLongElement>2</testLongElement>
	</testElement>
	<testElement>
		<testIntElement>1</testIntElement>
		<testLongElement>2</testLongElement>
	</testElement>
	<testElement>
		<testIntElement>1</testIntElement>
		<testLongElement>2</testLongElement>
	</testElement>
	<testElement>
		<testIntElement>1</testIntElement>
		<testLongElement>2</testLongElement>
	</testElement>
	<testElement>
		<testIntElement>1</testIntElement>
		<testLongElement>2</testLongElement>
	</testElement>
	<testElement>
		<testIntElement>1</testIntElement>
		<testLongElement>2</testLongElement>
	</testElement>
	<testElement>
		<testIntElement>1</testIntElement>
		<testLongElement>2</testLongElement>
	</testElement>
	<testElement>
		<testIntElement>1</testIntElement>
		<testLongElement>2</testLongElement>
	</testElement>
	<testElement>
		<testIntElement>1</testIntElement>
		<testLongElement>2</testLongElement>
	</testElement>
			<testElement>
		<testIntElement>1</testIntElement>
		<testLongElement>2</testLongElement>
	</testElement>
	<testElement>
		<testIntElement>1</testIntElement>
		<testLongElement>2</testLongElement>
	</testElement>
	<testElement>
		<testIntElement>1</testIntElement>
		<testLongElement>2</testLongElement>
	</testElement>
	<testElement>
		<testIntElement>1</testIntElement>
		<testLongElement>2</testLongElement>
	</testElement>
	<testElement>
		<testIntElement>1</testIntElement>
		<testLongElement>2</testLongElement>
	</testElement>
	<testElement>
		<testIntElement>1</testIntElement>
		<testLongElement>2</testLongElement>
	</testElement>
	<testElement>
		<testIntElement>1</testIntElement>
		<testLongElement>2</testLongElement>
	</testElement>
	<testElement>
		<testIntElement>1</testIntElement>
		<testLongElement>2</testLongElement>
	</testElement>
	<testElement>
		<testIntElement>1</testIntElement>
		<testLongElement>2</testLongElement>
	</testElement>
	<testElement>
		<testIntElement>1</testIntElement>
		<testLongElement>2</testLongElement>
	</testElement>
	<testElement>
		<testIntElement>1</testIntElement>
		<testLongElement>2</testLongElement>
	</testElement>
	<testElement>
		<testIntElement>1</testIntElement>
		<testLongElement>2</testLongElement>
	</testElement>
	<testElement>
		<testIntElement>1</testIntElement>
		<testLongElement>2</testLongElement>
	</testElement>
	<testElement>
		<testIntElement>1</testIntElement>
		<testLongElement>2</testLongElement>
	</testElement>
	<testElement>
		<testIntElement>1</testIntElement>
		<testLongElement>2</testLongElement>
	</testElement>
	<testElement>
		<testIntElement>1</testIntElement>
		<testLongElement>2</testLongElement>
	</testElement>
	<testElement>
		<testIntElement>1</testIntElement>
		<testLongElement>2</testLongElement>
	</testElement>
	<testElement>
		<testIntElement>1</testIntElement>
		<testLongElement>2</testLongElement>
	</testElement>
	<testElement>
		<testIntElement>1</testIntElement>
		<testLongElement>2</testLongElement>
	</testElement>
	<testElement>
		<testIntElement>1</testIntElement>
		<testLongElement>2</testLongElement>
	</testElement>
			<testElement>
		<testIntElement>1</testIntElement>
		<testLongElement>2</testLongElement>
	</testElement>
	<testElement>
		<testIntElement>1</testIntElement>
		<testLongElement>2</testLongElement>
	</testElement>
	<testElement>
		<testIntElement>1</testIntElement>
		<testLongElement>2</testLongElement>
	</testElement>
	<testElement>
		<testIntElement>1</testIntElement>
		<testLongElement>2</testLongElement>
	</testElement>
	<testElement>
		<testIntElement>1</testIntElement>
		<testLongElement>2</testLongElement>
	</testElement>
	<testElement>
		<testIntElement>1</testIntElement>
		<testLongElement>2</testLongElement>
	</testElement>
	<testElement>
		<testIntElement>1</testIntElement>
		<testLongElement>2</testLongElement>
	</testElement>
	<testElement>
		<testIntElement>1</testIntElement>
		<testLongElement>2</testLongElement>
	</testElement>
	<testElement>
		<testIntElement>1</testIntElement>
		<testLongElement>2</testLongElement>
	</testElement>
	<testElement>
		<testIntElement>1</testIntElement>
		<testLongElement>2</testLongElement>
	</testElement>
	<testElement>
		<testIntElement>1</testIntElement>
		<testLongElement>2</testLongElement>
	</testElement>
	<testElement>
		<testIntElement>1</testIntElement>
		<testLongElement>2</testLongElement>
	</testElement>
	<testElement>
		<testIntElement>1</testIntElement>
		<testLongElement>2</testLongElement>
	</testElement>
	<testElement>
		<testIntElement>1</testIntElement>
		<testLongElement>2</testLongElement>
	</testElement>
	<testElement>
		<testIntElement>1</testIntElement>
		<testLongElement>2</testLongElement>
	</testElement>
	<testElement>
		<testIntElement>1</testIntElement>
		<testLongElement>2</testLongElement>
	</testElement>
	<testElement>
		<testIntElement>1</testIntElement>
		<testLongElement>2</testLongElement>
	</testElement>
	<testElement>
		<testIntElement>1</testIntElement>
		<testLongElement>2</testLongElement>
	</testElement>
	<testElement>
		<testIntElement>1</testIntElement>
		<testLongElement>2</testLongElement>
	</testElement>
	<testElement>
		<testIntElement>1</testIntElement>
		<testLongElement>2</testLongElement>
	</testElement>
			<testElement>
		<testIntElement>1</testIntElement>
		<testLongElement>2</testLongElement>
	</testElement>
	<testElement>
		<testIntElement>1</testIntElement>
		<testLongElement>2</testLongElement>
	</testElement>
	<testElement>
		<testIntElement>1</testIntElement>
		<testLongElement>2</testLongElement>
	</testElement>
	<testElement>
		<testIntElement>1</testIntElement>
		<testLongElement>2</testLongElement>
	</testElement>
	<testElement>
		<testIntElement>1</testIntElement>
		<testLongElement>2</testLongElement>
	</testElement>
	<testElement>
		<testIntElement>1</testIntElement>
		<testLongElement>2</testLongElement>
	</testElement>
	<testElement>
		<testIntElement>1</testIntElement>
		<testLongElement>2</testLongElement>
	</testElement>
	<testElement>
		<testIntElement>1</testIntElement>
		<testLongElement>2</testLongElement>
	</testElement>
	<testElement>
		<testIntElement>1</testIntElement>
		<testLongElement>2</testLongElement>
	</testElement>
	<testElement>
		<testIntElement>1</testIntElement>
		<testLongElement>2</testLongElement>
	</testElement>
	<testElement>
		<testIntElement>1</testIntElement>
		<testLongElement>2</testLongElement>
	</testElement>
	<testElement>
		<testIntElement>1</testIntElement>
		<testLongElement>2</testLongElement>
	</testElement>
	<testElement>
		<testIntElement>1</testIntElement>
		<testLongElement>2</testLongElement>
	</testElement>
	<testElement>
		<testIntElement>1</testIntElement>
		<testLongElement>2</testLongElement>
	</testElement>
	<testElement>
		<testIntElement>1</testIntElement>
		<testLongElement>2</testLongElement>
	</testElement>
	<testElement>
		<testIntElement>1</testIntElement>
		<testLongElement>2</testLongElement>
	</testElement>
	<testElement>
		<testIntElement>1</testIntElement>
		<testLongElement>2</testLongElement>
	</testElement>
	<testElement>
		<testIntElement>1</testIntElement>
		<testLongElement>2</testLongElement>
	</testElement>
	<testElement>
		<testIntElement>1</testIntElement>
		<testLongElement>2</testLongElement>
	</testElement>
	<testElement>
		<testIntElement>1</testIntElement>
		<testLongElement>2</testLongElement>
	</testElement>
			<testElement>
		<testIntElement>1</testIntElement>
		<testLongElement>2</testLongElement>
	</testElement>
	<testElement>
		<testIntElement>1</testIntElement>
		<testLongElement>2</testLongElement>
	</testElement>
	<testElement>
		<testIntElement>1</testIntElement>
		<testLongElement>2</testLongElement>
	</testElement>
	<testElement>
		<testIntElement>1</testIntElement>
		<testLongElement>2</testLongElement>
	</testElement>
	<testElement>
		<testIntElement>1</testIntElement>
		<testLongElement>2</testLongElement>
	</testElement>
	<testElement>
		<testIntElement>1</testIntElement>
		<testLongElement>2</testLongElement>
	</testElement>
	<testElement>
		<testIntElement>1</testIntElement>
		<testLongElement>2</testLongElement>
	</testElement>
	<testElement>
		<testIntElement>1</testIntElement>
		<testLongElement>2</testLongElement>
	</testElement>
	<testElement>
		<testIntElement>1</testIntElement>
		<testLongElement>2</testLongElement>
	</testElement>
	<testElement>
		<testIntElement>1</testIntElement>
		<testLongElement>2</testLongElement>
	</testElement>
	<testElement>
		<testIntElement>1</testIntElement>
		<testLongElement>2</testLongElement>
	</testElement>
	<testElement>
		<testIntElement>1</testIntElement>
		<testLongElement>2</testLongElement>
	</testElement>
	<testElement>
		<testIntElement>1</testIntElement>
		<testLongElement>2</testLongElement>
	</testElement>
	<testElement>
		<testIntElement>1</testIntElement>
		<testLongElement>2</testLongElement>
	</testElement>
	<testElement>
		<testIntElement>1</testIntElement>
		<testLongElement>2</testLongElement>
	</testElement>
	<testElement>
		<testIntElement>1</testIntElement>
		<testLongElement>2</testLongElement>
	</testElement>
	<testElement>
		<testIntElement>1</testIntElement>
		<testLongElement>2</testLongElement>
	</testElement>
	<testElement>
		<testIntElement>1</testIntElement>
		<testLongElement>2</testLongElement>
	</testElement>
	<testElement>
		<testIntElement>1</testIntElement>
		<testLongElement>2</testLongElement>
	</testElement>
	<testElement>
		<testIntElement>1</testIntElement>
		<testLongElement>2</testLongElement>
	</testElement>
	<testElement>
		<testIntElement>1</testIntElement>
		<testLongElement>2</testLongElement>
	</testElement>
	<testElement>
		<testIntElement>1</testIntElement>
		<testLongElement>2</testLongElement>
	</testElement>
	<testElement>
		<testIntElement>1</testIntElement>
		<testLongElement>2</testLongElement>
	</testElement>
	<testElement>
		<testIntElement>1</testIntElement>
		<testLongElement>2</testLongElement>
	</testElement>
	<testElement>
		<testIntElement>1</testIntElement>
		<testLongElement>2</testLongElement>
	</testElement>
	<testElement>
		<testIntElement>1</testIntElement>
		<testLongElement>2</testLongElement>
	</testElement>
	<testElement>
		<testIntElement>1</testIntElement>
		<testLongElement>2</testLongElement>
	</testElement>
	<testElement>
		<testIntElement>1</testIntElement>
		<testLongElement>2</testLongElement>
	</testElement>
	<testElement>
		<testIntElement>1</testIntElement>
		<testLongElement>2</testLongElement>
	</testElement>
	<testElement>
		<testIntElement>1</testIntElement>
		<testLongElement>2</testLongElement>
	</testElement>
	<testElement>
		<testIntElement>1</testIntElement>
		<testLongElement>2</testLongElement>
	</testElement>
	<testElement>
		<testIntElement>1</testIntElement>
		<testLongElement>2</testLongElement>
	</testElement>
	<testElement>
		<testIntElement>1</testIntElement>
		<testLongElement>2</testLongElement>
	</testElement>
	<testElement>
		<testIntElement>1</testIntElement>
		<testLongElement>2</testLongElement>
	</testElement>
	<testElement>
		<testIntElement>1</testIntElement>
		<testLongElement>2</testLongElement>
	</testElement>
	<testElement>
		<testIntElement>1</testIntElement>
		<testLongElement>2</testLongElement>
	</testElement>
	<testElement>
		<testIntElement>1</testIntElement>
		<testLongElement>2</testLongElement>
	</testElement>
	<testElement>
		<testIntElement>1</testIntElement>
		<testLongElement>2</testLongElement>
	</testElement>
	<testElement>
		<testIntElement>1</testIntElement>
		<testLongElement>2</testLongElement>
	</testElement>
	<testElement>
		<testIntElement>1</testIntElement>
		<testLongElement>2</testLongElement>
	</testElement>
			<testElement>
		<testIntElement>1</testIntElement>
		<testLongElement>2</testLongElement>
	</testElement>
	<testElement>
		<testIntElement>1</testIntElement>
		<testLongElement>2</testLongElement>
	</testElement>
	<testElement>
		<testIntElement>1</testIntElement>
		<testLongElement>2</testLongElement>
	</testElement>
	<testElement>
		<testIntElement>1</testIntElement>
		<testLongElement>2</testLongElement>
	</testElement>
	<testElement>
		<testIntElement>1</testIntElement>
		<testLongElement>2</testLongElement>
	</testElement>
	<testElement>
		<testIntElement>1</testIntElement>
		<testLongElement>2</testLongElement>
	</testElement>
	<testElement>
		<testIntElement>1</testIntElement>
		<testLongElement>2</testLongElement>
	</testElement>
	<testElement>
		<testIntElement>1</testIntElement>
		<testLongElement>2</testLongElement>
	</testElement>
	<testElement>
		<testIntElement>1</testIntElement>
		<testLongElement>2</testLongElement>
	</testElement>
	<testElement>
		<testIntElement>1</testIntElement>
		<testLongElement>2</testLongElement>
	</testElement>
	<testElement>
		<testIntElement>1</testIntElement>
		<testLongElement>2</testLongElement>
	</testElement>
	<testElement>
		<testIntElement>1</testIntElement>
		<testLongElement>2</testLongElement>
	</testElement>
	<testElement>
		<testIntElement>1</testIntElement>
		<testLongElement>2</testLongElement>
	</testElement>
	<testElement>
		<testIntElement>1</testIntElement>
		<testLongElement>2</testLongElement>
	</testElement>
	<testElement>
		<testIntElement>1</testIntElement>
		<testLongElement>2</testLongElement>
	</testElement>
	<testElement>
		<testIntElement>1</testIntElement>
		<testLongElement>2</testLongElement>
	</testElement>
	<testElement>
		<testIntElement>1</testIntElement>
		<testLongElement>2</testLongElement>
	</testElement>
	<testElement>
		<testIntElement>1</testIntElement>
		<testLongElement>2</testLongElement>
	</testElement>
	<testElement>
		<testIntElement>1</testIntElement>
		<testLongElement>2</testLongElement>
	</testElement>
	<testElement>
		<testIntElement>1</testIntElement>
		<testLongElement>2</testLongElement>
	</testElement>
			<testElement>
		<testIntElement>1</testIntElement>
		<testLongElement>2</testLongElement>
	</testElement>
	<testElement>
		<testIntElement>1</testIntElement>
		<testLongElement>2</testLongElement>
	</testElement>
	<testElement>
		<testIntElement>1</testIntElement>
		<testLongElement>2</testLongElement>
	</testElement>
	<testElement>
		<testIntElement>1</testIntElement>
		<testLongElement>2</testLongElement>
	</testElement>
	<testElement>
		<testIntElement>1</testIntElement>
		<testLongElement>2</testLongElement>
	</testElement>
	<testElement>
		<testIntElement>1</testIntElement>
		<testLongElement>2</testLongElement>
	</testElement>
	<testElement>
		<testIntElement>1</testIntElement>
		<testLongElement>2</testLongElement>
	</testElement>
	<testElement>
		<testIntElement>1</testIntElement>
		<testLongElement>2</testLongElement>
	</testElement>
	<testElement>
		<testIntElement>1</testIntElement>
		<testLongElement>2</testLongElement>
	</testElement>
	<testElement>
		<testIntElement>1</testIntElement>
		<testLongElement>2</testLongElement>
	</testElement>
	<testElement>
		<testIntElement>1</testIntElement>
		<testLongElement>2</testLongElement>
	</testElement>
	<testElement>
		<testIntElement>1</testIntElement>
		<testLongElement>2</testLongElement>
	</testElement>
	<testElement>
		<testIntElement>1</testIntElement>
		<testLongElement>2</testLongElement>
	</testElement>
	<testElement>
		<testIntElement>1</testIntElement>
		<testLongElement>2</testLongElement>
	</testElement>
	<testElement>
		<testIntElement>1</testIntElement>
		<testLongElement>2</testLongElement>
	</testElement>
	<testElement>
		<testIntElement>1</testIntElement>
		<testLongElement>2</testLongElement>
	</testElement>
	<testElement>
		<testIntElement>1</testIntElement>
		<testLongElement>2</testLongElement>
	</testElement>
	<testElement>
		<testIntElement>1</testIntElement>
		<testLongElement>2</testLongElement>
	</testElement>
	<testElement>
		<testIntElement>1</testIntElement>
		<testLongElement>2</testLongElement>
	</testElement>
	<testElement>
		<testIntElement>1</testIntElement>
		<testLongElement>2</testLongElement>
	</testElement>
			<testElement>
		<testIntElement>1</testIntElement>
		<testLongElement>2</testLongElement>
	</testElement>
	<testElement>
		<testIntElement>1</testIntElement>
		<testLongElement>2</testLongElement>
	</testElement>
	<testElement>
		<testIntElement>1</testIntElement>
		<testLongElement>2</testLongElement>
	</testElement>
	<testElement>
		<testIntElement>1</testIntElement>
		<testLongElement>2</testLongElement>
	</testElement>
	<testElement>
		<testIntElement>1</testIntElement>
		<testLongElement>2</testLongElement>
	</testElement>
	<testElement>
		<testIntElement>1</testIntElement>
		<testLongElement>2</testLongElement>
	</testElement>
	<testElement>
		<testIntElement>1</testIntElement>
		<testLongElement>2</testLongElement>
	</testElement>
	<testElement>
		<testIntElement>1</testIntElement>
		<testLongElement>2</testLongElement>
	</testElement>
	<testElement>
		<testIntElement>1</testIntElement>
		<testLongElement>2</testLongElement>
	</testElement>
	<testElement>
		<testIntElement>1</testIntElement>
		<testLongElement>2</testLongElement>
	</testElement>
	<testElement>
		<testIntElement>1</testIntElement>
		<testLongElement>2</testLongElement>
	</testElement>
	<testElement>
		<testIntElement>1</testIntElement>
		<testLongElement>2</testLongElement>
	</testElement>
	<testElement>
		<testIntElement>1</testIntElement>
		<testLongElement>2</testLongElement>
	</testElement>
	<testElement>
		<testIntElement>1</testIntElement>
		<testLongElement>2</testLongElement>
	</testElement>
	<testElement>
		<testIntElement>1</testIntElement>
		<testLongElement>2</testLongElement>
	</testElement>
	<testElement>
		<testIntElement>1</testIntElement>
		<testLongElement>2</testLongElement>
	</testElement>
	<testElement>
		<testIntElement>1</testIntElement>
		<testLongElement>2</testLongElement>
	</testElement>
	<testElement>
		<testIntElement>1</testIntElement>
		<testLongElement>2</testLongElement>
	</testElement>
	<testElement>
		<testIntElement>1</testIntElement>
		<testLongElement>2</testLongElement>
	</testElement>
	<testElement>
		<testIntElement>1</testIntElement>
		<testLongElement>2</testLongElement>
	</testElement>
			<testElement>
		<testIntElement>1</testIntElement>
		<testLongElement>2</testLongElement>
	</testElement>
	<testElement>
		<testIntElement>1</testIntElement>
		<testLongElement>2</testLongElement>
	</testElement>
	<testElement>
		<testIntElement>1</testIntElement>
		<testLongElement>2</testLongElement>
	</testElement>
	<testElement>
		<testIntElement>1</testIntElement>
		<testLongElement>2</testLongElement>
	</testElement>
	<testElement>
		<testIntElement>1</testIntElement>
		<testLongElement>2</testLongElement>
	</testElement>
	<testElement>
		<testIntElement>1</testIntElement>
		<testLongElement>2</testLongElement>
	</testElement>
	<testElement>
		<testIntElement>1</testIntElement>
		<testLongElement>2</testLongElement>
	</testElement>
	<testElement>
		<testIntElement>1</testIntElement>
		<testLongElement>2</testLongElement>
	</testElement>
	<testElement>
		<testIntElement>1</testIntElement>
		<testLongElement>2</testLongElement>
	</testElement>
	<testElement>
		<testIntElement>1</testIntElement>
		<testLongElement>2</testLongElement>
	</testElement>
	<testElement>
		<testIntElement>1</testIntElement>
		<testLongElement>2</testLongElement>
	</testElement>
	<testElement>
		<testIntElement>1</testIntElement>
		<testLongElement>2</testLongElement>
	</testElement>
	<testElement>
		<testIntElement>1</testIntElement>
		<testLongElement>2</testLongElement>
	</testElement>
	<testElement>
		<testIntElement>1</testIntElement>
		<testLongElement>2</testLongElement>
	</testElement>
	<testElement>
		<testIntElement>1</testIntElement>
		<testLongElement>2</testLongElement>
	</testElement>
	<testElement>
		<testIntElement>1</testIntElement>
		<testLongElement>2</testLongElement>
	</testElement>
	<testElement>
		<testIntElement>1</testIntElement>
		<testLongElement>2</testLongElement>
	</testElement>
	<testElement>
		<testIntElement>1</testIntElement>
		<testLongElement>2</testLongElement>
	</testElement>
	<testElement>
		<testIntElement>1</testIntElement>
		<testLongElement>2</testLongElement>
	</testElement>
	<testElement>
		<testIntElement>1</testIntElement>
		<testLongElement>2</testLongElement>
	</testElement>
	<testElement>
		<testIntElement>1</testIntElement>
		<testLongElement>2</testLongElement>
	</testElement>
	<testElement>
		<testIntElement>1</testIntElement>
		<testLongElement>2</testLongElement>
	</testElement>
	<testElement>
		<testIntElement>1</testIntElement>
		<testLongElement>2</testLongElement>
	</testElement>
	<testElement>
		<testIntElement>1</testIntElement>
		<testLongElement>2</testLongElement>
	</testElement>
	<testElement>
		<testIntElement>1</testIntElement>
		<testLongElement>2</testLongElement>
	</testElement>
	<testElement>
		<testIntElement>1</testIntElement>
		<testLongElement>2</testLongElement>
	</testElement>
	<testElement>
		<testIntElement>1</testIntElement>
		<testLongElement>2</testLongElement>
	</testElement>
	<testElement>
		<testIntElement>1</testIntElement>
		<testLongElement>2</testLongElement>
	</testElement>
	<testElement>
		<testIntElement>1</testIntElement>
		<testLongElement>2</testLongElement>
	</testElement>
	<testElement>
		<testIntElement>1</testIntElement>
		<testLongElement>2</testLongElement>
	</testElement>
	<testElement>
		<testIntElement>1</testIntElement>
		<testLongElement>2</testLongElement>
	</testElement>
	<testElement>
		<testIntElement>1</testIntElement>
		<testLongElement>2</testLongElement>
	</testElement>
	<testElement>
		<testIntElement>1</testIntElement>
		<testLongElement>2</testLongElement>
	</testElement>
	<testElement>
		<testIntElement>1</testIntElement>
		<testLongElement>2</testLongElement>
	</testElement>
	<testElement>
		<testIntElement>1</testIntElement>
		<testLongElement>2</testLongElement>
	</testElement>
	<testElement>
		<testIntElement>1</testIntElement>
		<testLongElement>2</testLongElement>
	</testElement>
	<testElement>
		<testIntElement>1</testIntElement>
		<testLongElement>2</testLongElement>
	</testElement>
	<testElement>
		<testIntElement>1</testIntElement>
		<testLongElement>2</testLongElement>
	</testElement>
	<testElement>
		<testIntElement>1</testIntElement>
		<testLongElement>2</testLongElement>
	</testElement>
	<testElement>
		<testIntElement>1</testIntElement>
		<testLongElement>2</testLongElement>
	</testElement>
			<testElement>
		<testIntElement>1</testIntElement>
		<testLongElement>2</testLongElement>
	</testElement>
	<testElement>
		<testIntElement>1</testIntElement>
		<testLongElement>2</testLongElement>
	</testElement>
	<testElement>
		<testIntElement>1</testIntElement>
		<testLongElement>2</testLongElement>
	</testElement>
	<testElement>
		<testIntElement>1</testIntElement>
		<testLongElement>2</testLongElement>
	</testElement>
	<testElement>
		<testIntElement>1</testIntElement>
		<testLongElement>2</testLongElement>
	</testElement>
	<testElement>
		<testIntElement>1</testIntElement>
		<testLongElement>2</testLongElement>
	</testElement>
	<testElement>
		<testIntElement>1</testIntElement>
		<testLongElement>2</testLongElement>
	</testElement>
	<testElement>
		<testIntElement>1</testIntElement>
		<testLongElement>2</testLongElement>
	</testElement>
	<testElement>
		<testIntElement>1</testIntElement>
		<testLongElement>2</testLongElement>
	</testElement>
	<testElement>
		<testIntElement>1</testIntElement>
		<testLongElement>2</testLongElement>
	</testElement>
	<testElement>
		<testIntElement>1</testIntElement>
		<testLongElement>2</testLongElement>
	</testElement>
	<testElement>
		<testIntElement>1</testIntElement>
		<testLongElement>2</testLongElement>
	</testElement>
	<testElement>
		<testIntElement>1</testIntElement>
		<testLongElement>2</testLongElement>
	</testElement>
	<testElement>
		<testIntElement>1</testIntElement>
		<testLongElement>2</testLongElement>
	</testElement>
	<testElement>
		<testIntElement>1</testIntElement>
		<testLongElement>2</testLongElement>
	</testElement>
	<testElement>
		<testIntElement>1</testIntElement>
		<testLongElement>2</testLongElement>
	</testElement>
	<testElement>
		<testIntElement>1</testIntElement>
		<testLongElement>2</testLongElement>
	</testElement>
	<testElement>
		<testIntElement>1</testIntElement>
		<testLongElement>2</testLongElement>
	</testElement>
	<testElement>
		<testIntElement>1</testIntElement>
		<testLongElement>2</testLongElement>
	</testElement>
	<testElement>
		<testIntElement>1</testIntElement>
		<testLongElement>2</testLongElement>
	</testElement>
			<testElement>
		<testIntElement>1</testIntElement>
		<testLongElement>2</testLongElement>
	</testElement>
	<testElement>
		<testIntElement>1</testIntElement>
		<testLongElement>2</testLongElement>
	</testElement>
	<testElement>
		<testIntElement>1</testIntElement>
		<testLongElement>2</testLongElement>
	</testElement>
	<testElement>
		<testIntElement>1</testIntElement>
		<testLongElement>2</testLongElement>
	</testElement>
	<testElement>
		<testIntElement>1</testIntElement>
		<testLongElement>2</testLongElement>
	</testElement>
	<testElement>
		<testIntElement>1</testIntElement>
		<testLongElement>2</testLongElement>
	</testElement>
	<testElement>
		<testIntElement>1</testIntElement>
		<testLongElement>2</testLongElement>
	</testElement>
	<testElement>
		<testIntElement>1</testIntElement>
		<testLongElement>2</testLongElement>
	</testElement>
	<testElement>
		<testIntElement>1</testIntElement>
		<testLongElement>2</testLongElement>
	</testElement>
	<testElement>
		<testIntElement>1</testIntElement>
		<testLongElement>2</testLongElement>
	</testElement>
	<testElement>
		<testIntElement>1</testIntElement>
		<testLongElement>2</testLongElement>
	</testElement>
	<testElement>
		<testIntElement>1</testIntElement>
		<testLongElement>2</testLongElement>
	</testElement>
	<testElement>
		<testIntElement>1</testIntElement>
		<testLongElement>2</testLongElement>
	</testElement>
	<testElement>
		<testIntElement>1</testIntElement>
		<testLongElement>2</testLongElement>
	</testElement>
	<testElement>
		<testIntElement>1</testIntElement>
		<testLongElement>2</testLongElement>
	</testElement>
	<testElement>
		<testIntElement>1</testIntElement>
		<testLongElement>2</testLongElement>
	</testElement>
	<testElement>
		<testIntElement>1</testIntElement>
		<testLongElement>2</testLongElement>
	</testElement>
	<testElement>
		<testIntElement>1</testIntElement>
		<testLongElement>2</testLongElement>
	</testElement>
	<testElement>
		<testIntElement>1</testIntElement>
		<testLongElement>2</testLongElement>
	</testElement>
	<testElement>
		<testIntElement>1</testIntElement>
		<testLongElement>2</testLongElement>
	</testElement>
			<testElement>
		<testIntElement>1</testIntElement>
		<testLongElement>2</testLongElement>
	</testElement>
	<testElement>
		<testIntElement>1</testIntElement>
		<testLongElement>2</testLongElement>
	</testElement>
	<testElement>
		<testIntElement>1</testIntElement>
		<testLongElement>2</testLongElement>
	</testElement>
	<testElement>
		<testIntElement>1</testIntElement>
		<testLongElement>2</testLongElement>
	</testElement>
	<testElement>
		<testIntElement>1</testIntElement>
		<testLongElement>2</testLongElement>
	</testElement>
	<testElement>
		<testIntElement>1</testIntElement>
		<testLongElement>2</testLongElement>
	</testElement>
	<testElement>
		<testIntElement>1</testIntElement>
		<testLongElement>2</testLongElement>
	</testElement>
	<testElement>
		<testIntElement>1</testIntElement>
		<testLongElement>2</testLongElement>
	</testElement>
	<testElement>
		<testIntElement>1</testIntElement>
		<testLongElement>2</testLongElement>
	</testElement>
	<testElement>
		<testIntElement>1</testIntElement>
		<testLongElement>2</testLongElement>
	</testElement>
	<testElement>
		<testIntElement>1</testIntElement>
		<testLongElement>2</testLongElement>
	</testElement>
	<testElement>
		<testIntElement>1</testIntElement>
		<testLongElement>2</testLongElement>
	</testElement>
	<testElement>
		<testIntElement>1</testIntElement>
		<testLongElement>2</testLongElement>
	</testElement>
	<testElement>
		<testIntElement>1</testIntElement>
		<testLongElement>2</testLongElement>
	</testElement>
	<testElement>
		<testIntElement>1</testIntElement>
		<testLongElement>2</testLongElement>
	</testElement>
	<testElement>
		<testIntElement>1</testIntElement>
		<testLongElement>2</testLongElement>
	</testElement>
	<testElement>
		<testIntElement>1</testIntElement>
		<testLongElement>2</testLongElement>
	</testElement>
	<testElement>
		<testIntElement>1</testIntElement>
		<testLongElement>2</testLongElement>
	</testElement>
	<testElement>
		<testIntElement>1</testIntElement>
		<testLongElement>2</testLongElement>
	</testElement>
	<testElement>
		<testIntElement>1</testIntElement>
		<testLongElement>2</testLongElement>
	</testElement>
			<testElement>
		<testIntElement>1</testIntElement>
		<testLongElement>2</testLongElement>
	</testElement>
	<testElement>
		<testIntElement>1</testIntElement>
		<testLongElement>2</testLongElement>
	</testElement>
	<testElement>
		<testIntElement>1</testIntElement>
		<testLongElement>2</testLongElement>
	</testElement>
	<testElement>
		<testIntElement>1</testIntElement>
		<testLongElement>2</testLongElement>
	</testElement>
	<testElement>
		<testIntElement>1</testIntElement>
		<testLongElement>2</testLongElement>
	</testElement>
	<testElement>
		<testIntElement>1</testIntElement>
		<testLongElement>2</testLongElement>
	</testElement>
	<testElement>
		<testIntElement>1</testIntElement>
		<testLongElement>2</testLongElement>
	</testElement>
	<testElement>
		<testIntElement>1</testIntElement>
		<testLongElement>2</testLongElement>
	</testElement>
	<testElement>
		<testIntElement>1</testIntElement>
		<testLongElement>2</testLongElement>
	</testElement>
	<testElement>
		<testIntElement>1</testIntElement>
		<testLongElement>2</testLongElement>
	</testElement>
	<testElement>
		<testIntElement>1</testIntElement>
		<testLongElement>2</testLongElement>
	</testElement>
	<testElement>
		<testIntElement>1</testIntElement>
		<testLongElement>2</testLongElement>
	</testElement>
	<testElement>
		<testIntElement>1</testIntElement>
		<testLongElement>2</testLongElement>
	</testElement>
	<testElement>
		<testIntElement>1</testIntElement>
		<testLongElement>2</testLongElement>
	</testElement>
	<testElement>
		<testIntElement>1</testIntElement>
		<testLongElement>2</testLongElement>
	</testElement>
	<testElement>
		<testIntElement>1</testIntElement>
		<testLongElement>2</testLongElement>
	</testElement>
	<testElement>
		<testIntElement>1</testIntElement>
		<testLongElement>2</testLongElement>
	</testElement>
	<testElement>
		<testIntElement>1</testIntElement>
		<testLongElement>2</testLongElement>
	</testElement>
	<testElement>
		<testIntElement>1</testIntElement>
		<testLongElement>2</testLongElement>
	</testElement>
	<testElement>
		<testIntElement>1</testIntElement>
		<testLongElement>2</testLongElement>
	</testElement>
	<testElement>
		<testIntElement>1</testIntElement>
		<testLongElement>2</testLongElement>
	</testElement>
	<testElement>
		<testIntElement>1</testIntElement>
		<testLongElement>2</testLongElement>
	</testElement>
	<testElement>
		<testIntElement>1</testIntElement>
		<testLongElement>2</testLongElement>
	</testElement>
	<testElement>
		<testIntElement>1</testIntElement>
		<testLongElement>2</testLongElement>
	</testElement>
	<testElement>
		<testIntElement>1</testIntElement>
		<testLongElement>2</testLongElement>
	</testElement>
	<testElement>
		<testIntElement>1</testIntElement>
		<testLongElement>2</testLongElement>
	</testElement>
	<testElement>
		<testIntElement>1</testIntElement>
		<testLongElement>2</testLongElement>
	</testElement>
	<testElement>
		<testIntElement>1</testIntElement>
		<testLongElement>2</testLongElement>
	</testElement>
	<testElement>
		<testIntElement>1</testIntElement>
		<testLongElement>2</testLongElement>
	</testElement>
	<testElement>
		<testIntElement>1</testIntElement>
		<testLongElement>2</testLongElement>
	</testElement>
	<testElement>
		<testIntElement>1</testIntElement>
		<testLongElement>2</testLongElement>
	</testElement>
	<testElement>
		<testIntElement>1</testIntElement>
		<testLongElement>2</testLongElement>
	</testElement>
	<testElement>
		<testIntElement>1</testIntElement>
		<testLongElement>2</testLongElement>
	</testElement>
	<testElement>
		<testIntElement>1</testIntElement>
		<testLongElement>2</testLongElement>
	</testElement>
	<testElement>
		<testIntElement>1</testIntElement>
		<testLongElement>2</testLongElement>
	</testElement>
	<testElement>
		<testIntElement>1</testIntElement>
		<testLongElement>2</testLongElement>
	</testElement>
	<testElement>
		<testIntElement>1</testIntElement>
		<testLongElement>2</testLongElement>
	</testElement>
	<testElement>
		<testIntElement>1</testIntElement>
		<testLongElement>2</testLongElement>
	</testElement>
	<testElement>
		<testIntElement>1</testIntElement>
		<testLongElement>2</testLongElement>
	</testElement>
	<testElement>
		<testIntElement>1</testIntElement>
		<testLongElement>2</testLongElement>
	</testElement>
			<testElement>
		<testIntElement>1</testIntElement>
		<testLongElement>2</testLongElement>
	</testElement>
	<testElement>
		<testIntElement>1</testIntElement>
		<testLongElement>2</testLongElement>
	</testElement>
	<testElement>
		<testIntElement>1</testIntElement>
		<testLongElement>2</testLongElement>
	</testElement>
	<testElement>
		<testIntElement>1</testIntElement>
		<testLongElement>2</testLongElement>
	</testElement>
	<testElement>
		<testIntElement>1</testIntElement>
		<testLongElement>2</testLongElement>
	</testElement>
	<testElement>
		<testIntElement>1</testIntElement>
		<testLongElement>2</testLongElement>
	</testElement>
	<testElement>
		<testIntElement>1</testIntElement>
		<testLongElement>2</testLongElement>
	</testElement>
	<testElement>
		<testIntElement>1</testIntElement>
		<testLongElement>2</testLongElement>
	</testElement>
	<testElement>
		<testIntElement>1</testIntElement>
		<testLongElement>2</testLongElement>
	</testElement>
	<testElement>
		<testIntElement>1</testIntElement>
		<testLongElement>2</testLongElement>
	</testElement>
	<testElement>
		<testIntElement>1</testIntElement>
		<testLongElement>2</testLongElement>
	</testElement>
	<testElement>
		<testIntElement>1</testIntElement>
		<testLongElement>2</testLongElement>
	</testElement>
	<testElement>
		<testIntElement>1</testIntElement>
		<testLongElement>2</testLongElement>
	</testElement>
	<testElement>
		<testIntElement>1</testIntElement>
		<testLongElement>2</testLongElement>
	</testElement>
	<testElement>
		<testIntElement>1</testIntElement>
		<testLongElement>2</testLongElement>
	</testElement>
	<testElement>
		<testIntElement>1</testIntElement>
		<testLongElement>2</testLongElement>
	</testElement>
	<testElement>
		<testIntElement>1</testIntElement>
		<testLongElement>2</testLongElement>
	</testElement>
	<testElement>
		<testIntElement>1</testIntElement>
		<testLongElement>2</testLongElement>
	</testElement>
	<testElement>
		<testIntElement>1</testIntElement>
		<testLongElement>2</testLongElement>
	</testElement>
	<testElement>
		<testIntElement>1</testIntElement>
		<testLongElement>2</testLongElement>
	</testElement>
			<testElement>
		<testIntElement>1</testIntElement>
		<testLongElement>2</testLongElement>
	</testElement>
	<testElement>
		<testIntElement>1</testIntElement>
		<testLongElement>2</testLongElement>
	</testElement>
	<testElement>
		<testIntElement>1</testIntElement>
		<testLongElement>2</testLongElement>
	</testElement>
	<testElement>
		<testIntElement>1</testIntElement>
		<testLongElement>2</testLongElement>
	</testElement>
	<testElement>
		<testIntElement>1</testIntElement>
		<testLongElement>2</testLongElement>
	</testElement>
	<testElement>
		<testIntElement>1</testIntElement>
		<testLongElement>2</testLongElement>
	</testElement>
	<testElement>
		<testIntElement>1</testIntElement>
		<testLongElement>2</testLongElement>
	</testElement>
	<testElement>
		<testIntElement>1</testIntElement>
		<testLongElement>2</testLongElement>
	</testElement>
	<testElement>
		<testIntElement>1</testIntElement>
		<testLongElement>2</testLongElement>
	</testElement>
	<testElement>
		<testIntElement>1</testIntElement>
		<testLongElement>2</testLongElement>
	</testElement>
	<testElement>
		<testIntElement>1</testIntElement>
		<testLongElement>2</testLongElement>
	</testElement>
	<testElement>
		<testIntElement>1</testIntElement>
		<testLongElement>2</testLongElement>
	</testElement>
	<testElement>
		<testIntElement>1</testIntElement>
		<testLongElement>2</testLongElement>
	</testElement>
	<testElement>
		<testIntElement>1</testIntElement>
		<testLongElement>2</testLongElement>
	</testElement>
	<testElement>
		<testIntElement>1</testIntElement>
		<testLongElement>2</testLongElement>
	</testElement>
	<testElement>
		<testIntElement>1</testIntElement>
		<testLongElement>2</testLongElement>
	</testElement>
	<testElement>
		<testIntElement>1</testIntElement>
		<testLongElement>2</testLongElement>
	</testElement>
	<testElement>
		<testIntElement>1</testIntElement>
		<testLongElement>2</testLongElement>
	</testElement>
	<testElement>
		<testIntElement>1</testIntElement>
		<testLongElement>2</testLongElement>
	</testElement>
	<testElement>
		<testIntElement>1</testIntElement>
		<testLongElement>2</testLongElement>
	</testElement>
			<testElement>
		<testIntElement>1</testIntElement>
		<testLongElement>2</testLongElement>
	</testElement>
	<testElement>
		<testIntElement>1</testIntElement>
		<testLongElement>2</testLongElement>
	</testElement>
	<testElement>
		<testIntElement>1</testIntElement>
		<testLongElement>2</testLongElement>
	</testElement>
	<testElement>
		<testIntElement>1</testIntElement>
		<testLongElement>2</testLongElement>
	</testElement>
	<testElement>
		<testIntElement>1</testIntElement>
		<testLongElement>2</testLongElement>
	</testElement>
	<testElement>
		<testIntElement>1</testIntElement>
		<testLongElement>2</testLongElement>
	</testElement>
	<testElement>
		<testIntElement>1</testIntElement>
		<testLongElement>2</testLongElement>
	</testElement>
	<testElement>
		<testIntElement>1</testIntElement>
		<testLongElement>2</testLongElement>
	</testElement>
	<testElement>
		<testIntElement>1</testIntElement>
		<testLongElement>2</testLongElement>
	</testElement>
	<testElement>
		<testIntElement>1</testIntElement>
		<testLongElement>2</testLongElement>
	</testElement>
	<testElement>
		<testIntElement>1</testIntElement>
		<testLongElement>2</testLongElement>
	</testElement>
	<testElement>
		<testIntElement>1</testIntElement>
		<testLongElement>2</testLongElement>
	</testElement>
	<testElement>
		<testIntElement>1</testIntElement>
		<testLongElement>2</testLongElement>
	</testElement>
	<testElement>
		<testIntElement>1</testIntElement>
		<testLongElement>2</testLongElement>
	</testElement>
	<testElement>
		<testIntElement>1</testIntElement>
		<testLongElement>2</testLongElement>
	</testElement>
	<testElement>
		<testIntElement>1</testIntElement>
		<testLongElement>2</testLongElement>
	</testElement>
	<testElement>
		<testIntElement>1</testIntElement>
		<testLongElement>2</testLongElement>
	</testElement>
	<testElement>
		<testIntElement>1</testIntElement>
		<testLongElement>2</testLongElement>
	</testElement>
	<testElement>
		<testIntElement>1</testIntElement>
		<testLongElement>2</testLongElement>
	</testElement>
	<testElement>
		<testIntElement>1</testIntElement>
		<testLongElement>2</testLongElement>
	</testElement>
			<testElement>
		<testIntElement>1</testIntElement>
		<testLongElement>2</testLongElement>
	</testElement>
	<testElement>
		<testIntElement>1</testIntElement>
		<testLongElement>2</testLongElement>
	</testElement>
	<testElement>
		<testIntElement>1</testIntElement>
		<testLongElement>2</testLongElement>
	</testElement>
	<testElement>
		<testIntElement>1</testIntElement>
		<testLongElement>2</testLongElement>
	</testElement>
	<testElement>
		<testIntElement>1</testIntElement>
		<testLongElement>2</testLongElement>
	</testElement>
	<testElement>
		<testIntElement>1</testIntElement>
		<testLongElement>2</testLongElement>
	</testElement>
	<testElement>
		<testIntElement>1</testIntElement>
		<testLongElement>2</testLongElement>
	</testElement>
	<testElement>
		<testIntElement>1</testIntElement>
		<testLongElement>2</testLongElement>
	</testElement>
	<testElement>
		<testIntElement>1</testIntElement>
		<testLongElement>2</testLongElement>
	</testElement>
	<testElement>
		<testIntElement>1</testIntElement>
		<testLongElement>2</testLongElement>
	</testElement>
	<testElement>
		<testIntElement>1</testIntElement>
		<testLongElement>2</testLongElement>
	</testElement>
	<testElement>
		<testIntElement>1</testIntElement>
		<testLongElement>2</testLongElement>
	</testElement>
	<testElement>
		<testIntElement>1</testIntElement>
		<testLongElement>2</testLongElement>
	</testElement>
	<testElement>
		<testIntElement>1</testIntElement>
		<testLongElement>2</testLongElement>
	</testElement>
	<testElement>
		<testIntElement>1</testIntElement>
		<testLongElement>2</testLongElement>
	</testElement>
	<testElement>
		<testIntElement>1</testIntElement>
		<testLongElement>2</testLongElement>
	</testElement>
	<testElement>
		<testIntElement>1</testIntElement>
		<testLongElement>2</testLongElement>
	</testElement>
	<testElement>
		<testIntElement>1</testIntElement>
		<testLongElement>2</testLongElement>
	</testElement>
	<testElement>
		<testIntElement>1</testIntElement>
		<testLongElement>2</testLongElement>
	</testElement>
	<testElement>
		<testIntElement>1</testIntElement>
		<testLongElement>2</testLongElement>
	</testElement>
	<testElement>
		<testIntElement>1</testIntElement>
		<testLongElement>2</testLongElement>
	</testElement>
	<testElement>
		<testIntElement>1</testIntElement>
		<testLongElement>2</testLongElement>
	</testElement>
	<testElement>
		<testIntElement>1</testIntElement>
		<testLongElement>2</testLongElement>
	</testElement>
	<testElement>
		<testIntElement>1</testIntElement>
		<testLongElement>2</testLongElement>
	</testElement>
	<testElement>
		<testIntElement>1</testIntElement>
		<testLongElement>2</testLongElement>
	</testElement>
	<testElement>
		<testIntElement>1</testIntElement>
		<testLongElement>2</testLongElement>
	</testElement>
	<testElement>
		<testIntElement>1</testIntElement>
		<testLongElement>2</testLongElement>
	</testElement>
	<testElement>
		<testIntElement>1</testIntElement>
		<testLongElement>2</testLongElement>
	</testElement>
	<testElement>
		<testIntElement>1</testIntElement>
		<testLongElement>2</testLongElement>
	</testElement>
	<testElement>
		<testIntElement>1</testIntElement>
		<testLongElement>2</testLongElement>
	</testElement>
	<testElement>
		<testIntElement>1</testIntElement>
		<testLongElement>2</testLongElement>
	</testElement>
	<testElement>
		<testIntElement>1</testIntElement>
		<testLongElement>2</testLongElement>
	</testElement>
	<testElement>
		<testIntElement>1</testIntElement>
		<testLongElement>2</testLongElement>
	</testElement>
	<testElement>
		<testIntElement>1</testIntElement>
		<testLongElement>2</testLongElement>
	</testElement>
	<testElement>
		<testIntElement>1</testIntElement>
		<testLongElement>2</testLongElement>
	</testElement>
	<testElement>
		<testIntElement>1</testIntElement>
		<testLongElement>2</testLongElement>
	</testElement>
	<testElement>
		<testIntElement>1</testIntElement>
		<testLongElement>2</testLongElement>
	</testElement>
	<testElement>
		<testIntElement>1</testIntElement>
		<testLongElement>2</testLongElement>
	</testElement>
	<testElement>
		<testIntElement>1</testIntElement>
		<testLongElement>2</testLongElement>
	</testElement>
	<testElement>
		<testIntElement>1</testIntElement>
		<testLongElement>2</testLongElement>
	</testElement>
			<testElement>
		<testIntElement>1</testIntElement>
		<testLongElement>2</testLongElement>
	</testElement>
	<testElement>
		<testIntElement>1</testIntElement>
		<testLongElement>2</testLongElement>
	</testElement>
	<testElement>
		<testIntElement>1</testIntElement>
		<testLongElement>2</testLongElement>
	</testElement>
	<testElement>
		<testIntElement>1</testIntElement>
		<testLongElement>2</testLongElement>
	</testElement>
	<testElement>
		<testIntElement>1</testIntElement>
		<testLongElement>2</testLongElement>
	</testElement>
	<testElement>
		<testIntElement>1</testIntElement>
		<testLongElement>2</testLongElement>
	</testElement>
	<testElement>
		<testIntElement>1</testIntElement>
		<testLongElement>2</testLongElement>
	</testElement>
	<testElement>
		<testIntElement>1</testIntElement>
		<testLongElement>2</testLongElement>
	</testElement>
	<testElement>
		<testIntElement>1</testIntElement>
		<testLongElement>2</testLongElement>
	</testElement>
	<testElement>
		<testIntElement>1</testIntElement>
		<testLongElement>2</testLongElement>
	</testElement>
	<testElement>
		<testIntElement>1</testIntElement>
		<testLongElement>2</testLongElement>
	</testElement>
	<testElement>
		<testIntElement>1</testIntElement>
		<testLongElement>2</testLongElement>
	</testElement>
	<testElement>
		<testIntElement>1</testIntElement>
		<testLongElement>2</testLongElement>
	</testElement>
	<testElement>
		<testIntElement>1</testIntElement>
		<testLongElement>2</testLongElement>
	</testElement>
	<testElement>
		<testIntElement>1</testIntElement>
		<testLongElement>2</testLongElement>
	</testElement>
	<testElement>
		<testIntElement>1</testIntElement>
		<testLongElement>2</testLongElement>
	</testElement>
	<testElement>
		<testIntElement>1</testIntElement>
		<testLongElement>2</testLongElement>
	</testElement>
	<testElement>
		<testIntElement>1</testIntElement>
		<testLongElement>2</testLongElement>
	</testElement>
	<testElement>
		<testIntElement>1</testIntElement>
		<testLongElement>2</testLongElement>
	</testElement>
	<testElement>
		<testIntElement>1</testIntElement>
		<testLongElement>2</testLongElement>
	</testElement>
			<testElement>
		<testIntElement>1</testIntElement>
		<testLongElement>2</testLongElement>
	</testElement>
	<testElement>
		<testIntElement>1</testIntElement>
		<testLongElement>2</testLongElement>
	</testElement>
	<testElement>
		<testIntElement>1</testIntElement>
		<testLongElement>2</testLongElement>
	</testElement>
	<testElement>
		<testIntElement>1</testIntElement>
		<testLongElement>2</testLongElement>
	</testElement>
	<testElement>
		<testIntElement>1</testIntElement>
		<testLongElement>2</testLongElement>
	</testElement>
	<testElement>
		<testIntElement>1</testIntElement>
		<testLongElement>2</testLongElement>
	</testElement>
	<testElement>
		<testIntElement>1</testIntElement>
		<testLongElement>2</testLongElement>
	</testElement>
	<testElement>
		<testIntElement>1</testIntElement>
		<testLongElement>2</testLongElement>
	</testElement>
	<testElement>
		<testIntElement>1</testIntElement>
		<testLongElement>2</testLongElement>
	</testElement>
	<testElement>
		<testIntElement>1</testIntElement>
		<testLongElement>2</testLongElement>
	</testElement>
	<testElement>
		<testIntElement>1</testIntElement>
		<testLongElement>2</testLongElement>
	</testElement>
	<testElement>
		<testIntElement>1</testIntElement>
		<testLongElement>2</testLongElement>
	</testElement>
	<testElement>
		<testIntElement>1</testIntElement>
		<testLongElement>2</testLongElement>
	</testElement>
	<testElement>
		<testIntElement>1</testIntElement>
		<testLongElement>2</testLongElement>
	</testElement>
	<testElement>
		<testIntElement>1</testIntElement>
		<testLongElement>2</testLongElement>
	</testElement>
	<testElement>
		<testIntElement>1</testIntElement>
		<testLongElement>2</testLongElement>
	</testElement>
	<testElement>
		<testIntElement>1</testIntElement>
		<testLongElement>2</testLongElement>
	</testElement>
	<testElement>
		<testIntElement>1</testIntElement>
		<testLongElement>2</testLongElement>
	</testElement>
	<testElement>
		<testIntElement>1</testIntElement>
		<testLongElement>2</testLongElement>
	</testElement>
	<testElement>
		<testIntElement>1</testIntElement>
		<testLongElement>2</testLongElement>
	</testElement>
			<testElement>
		<testIntElement>1</testIntElement>
		<testLongElement>2</testLongElement>
	</testElement>
	<testElement>
		<testIntElement>1</testIntElement>
		<testLongElement>2</testLongElement>
	</testElement>
	<testElement>
		<testIntElement>1</testIntElement>
		<testLongElement>2</testLongElement>
	</testElement>
	<testElement>
		<testIntElement>1</testIntElement>
		<testLongElement>2</testLongElement>
	</testElement>
	<testElement>
		<testIntElement>1</testIntElement>
		<testLongElement>2</testLongElement>
	</testElement>
	<testElement>
		<testIntElement>1</testIntElement>
		<testLongElement>2</testLongElement>
	</testElement>
	<testElement>
		<testIntElement>1</testIntElement>
		<testLongElement>2</testLongElement>
	</testElement>
	<testElement>
		<testIntElement>1</testIntElement>
		<testLongElement>2</testLongElement>
	</testElement>
	<testElement>
		<testIntElement>1</testIntElement>
		<testLongElement>2</testLongElement>
	</testElement>
	<testElement>
		<testIntElement>1</testIntElement>
		<testLongElement>2</testLongElement>
	</testElement>
	<testElement>
		<testIntElement>1</testIntElement>
		<testLongElement>2</testLongElement>
	</testElement>
	<testElement>
		<testIntElement>1</testIntElement>
		<testLongElement>2</testLongElement>
	</testElement>
	<testElement>
		<testIntElement>1</testIntElement>
		<testLongElement>2</testLongElement>
	</testElement>
	<testElement>
		<testIntElement>1</testIntElement>
		<testLongElement>2</testLongElement>
	</testElement>
	<testElement>
		<testIntElement>1</testIntElement>
		<testLongElement>2</testLongElement>
	</testElement>
	<testElement>
		<testIntElement>1</testIntElement>
		<testLongElement>2</testLongElement>
	</testElement>
	<testElement>
		<testIntElement>1</testIntElement>
		<testLongElement>2</testLongElement>
	</testElement>
	<testElement>
		<testIntElement>1</testIntElement>
		<testLongElement>2</testLongElement>
	</testElement>
	<testElement>
		<testIntElement>1</testIntElement>
		<testLongElement>2</testLongElement>
	</testElement>
	<testElement>
		<testIntElement>1</testIntElement>
		<testLongElement>2</testLongElement>
	</testElement>
			<testElement>
		<testIntElement>1</testIntElement>
		<testLongElement>2</testLongElement>
	</testElement>
	<testElement>
		<testIntElement>1</testIntElement>
		<testLongElement>2</testLongElement>
	</testElement>
	<testElement>
		<testIntElement>1</testIntElement>
		<testLongElement>2</testLongElement>
	</testElement>
	<testElement>
		<testIntElement>1</testIntElement>
		<testLongElement>2</testLongElement>
	</testElement>
	<testElement>
		<testIntElement>1</testIntElement>
		<testLongElement>2</testLongElement>
	</testElement>
	<testElement>
		<testIntElement>1</testIntElement>
		<testLongElement>2</testLongElement>
	</testElement>
	<testElement>
		<testIntElement>1</testIntElement>
		<testLongElement>2</testLongElement>
	</testElement>
	<testElement>
		<testIntElement>1</testIntElement>
		<testLongElement>2</testLongElement>
	</testElement>
	<testElement>
		<testIntElement>1</testIntElement>
		<testLongElement>2</testLongElement>
	</testElement>
	<testElement>
		<testIntElement>1</testIntElement>
		<testLongElement>2</testLongElement>
	</testElement>
	<testElement>
		<testIntElement>1</testIntElement>
		<testLongElement>2</testLongElement>
	</testElement>
	<testElement>
		<testIntElement>1</testIntElement>
		<testLongElement>2</testLongElement>
	</testElement>
	<testElement>
		<testIntElement>1</testIntElement>
		<testLongElement>2</testLongElement>
	</testElement>
	<testElement>
		<testIntElement>1</testIntElement>
		<testLongElement>2</testLongElement>
	</testElement>
	<testElement>
		<testIntElement>1</testIntElement>
		<testLongElement>2</testLongElement>
	</testElement>
	<testElement>
		<testIntElement>1</testIntElement>
		<testLongElement>2</testLongElement>
	</testElement>
	<testElement>
		<testIntElement>1</testIntElement>
		<testLongElement>2</testLongElement>
	</testElement>
	<testElement>
		<testIntElement>1</testIntElement>
		<testLongElement>2</testLongElement>
	</testElement>
	<testElement>
		<testIntElement>1</testIntElement>
		<testLongElement>2</testLongElement>
	</testElement>
	<testElement>
		<testIntElement>1</testIntElement>
		<testLongElement>2</testLongElement>
	</testElement>			
</testRoot>