<?xml version="1.0" encoding="UTF-8" standalone="yes"?>
<ns2:testCommonRoot xmlns:ns2="http://javolution.org/xml/schema/javolution-common">
	<testNamespaceElement>
		<testQNameElement>ns2:testCommonRoot</testQNameElement>
	</testNamespaceElement>
</ns2:testCommonRoot>