<?xml version="1.0" encoding="UTF-8" standalone="yes"?>
<ns2:testRoot xmlns:ns2="http://javolution.org/xml/schema/javolution">
	<testElement>
		<testDecimalElement>359538626972463141629054847463408713596141135051689993197834953606314521560057077521179117265533756343080917907028764928468642653778928365536935093407075033972099821153102564152490980180778657888151737016910267884609166473806445896331617118664246696549595652408289446337476354361838599762500808052368249716736
		</testDecimalElement>
		<testIntegerElement>18446744073709551614</testIntegerElement>
	</testElement>
</ns2:testRoot>