<?xml version="1.0" encoding="UTF-8" standalone="yes"?>
<ns2:testCommonRoot xmlns:ns2="http://javolution.org/xml/schema/javolution-common">
	<testDateFormatElement>
		<testDateElement>1979-08-19</testDateElement>
		<testDateTimeElement>1988-04-24T01:23:45Z</testDateTimeElement>
		<testDurationElement>P5Y3M16D</testDurationElement>
		<testTimeElement>01:23:45</testTimeElement>
	</testDateFormatElement>
</ns2:testCommonRoot>